Log file open, 11/20/17 11:09:16
LogWindows: Failed to load 'aqProf.dll' (GetLastError=126)
LogWindows: File 'aqProf.dll' does not exist
LogWindows: Failed to load 'VtuneApi.dll' (GetLastError=126)
LogWindows: File 'VtuneApi.dll' does not exist
LogWindows: Failed to load 'VtuneApi32e.dll' (GetLastError=126)
LogWindows: File 'VtuneApi32e.dll' does not exist
LogInit: Display: Running engine for game: RoomMatch3
LogPlatformFile: Not using cached read wrapper
LogInit: Display: RandInit(2079035331) SRandInit(2079035331).
LogTaskGraph: Started task graph with 5 named threads and 14 total threads with 3 sets of task threads.
LogStats: Stats thread started at 0.160044
LogD3D11RHI: Aftermath initialized
LogPluginManager: Mounting plugin Paper2D
LogPluginManager: Mounting plugin LightPropagationVolume
LogPluginManager: Mounting plugin CodeLiteSourceCodeAccess
LogPluginManager: Mounting plugin GitSourceControl
LogPluginManager: Mounting plugin KDevelopSourceCodeAccess
LogPluginManager: Mounting plugin NullSourceCodeAccess
LogPluginManager: Mounting plugin PerforceSourceControl
LogPluginManager: Mounting plugin SubversionSourceControl
LogPluginManager: Mounting plugin UObjectPlugin
LogPluginManager: Mounting plugin VisualStudioSourceCodeAccess
LogPluginManager: Mounting plugin XCodeSourceCodeAccess
LogPluginManager: Mounting plugin AssetManagerEditor
LogPluginManager: Mounting plugin AudioCapture
LogPluginManager: Mounting plugin FacialAnimation
LogPluginManager: Mounting plugin GameplayTagsEditor
LogPluginManager: Mounting plugin MobileLauncherProfileWizard
LogPluginManager: Mounting plugin PluginBrowser
LogPluginManager: Mounting plugin SpeedTreeImporter
LogPluginManager: Mounting plugin AlembicImporter
LogPluginManager: Mounting plugin CharacterAI
LogPluginManager: Mounting plugin HTML5Networking
LogPluginManager: Mounting plugin AndroidMedia
LogPluginManager: Mounting plugin AvfMedia
LogPluginManager: Mounting plugin MediaPlayerEditor
LogPluginManager: Mounting plugin WmfMedia
LogPluginManager: Mounting plugin TcpMessaging
LogPluginManager: Mounting plugin UdpMessaging
LogPluginManager: Mounting plugin LevelSequenceEditor
LogPluginManager: Mounting plugin MatineeToLevelSequence
LogPluginManager: Mounting plugin OnlineSubsystemGooglePlay
LogPluginManager: Mounting plugin OnlineSubsystemIOS
LogPluginManager: Mounting plugin OnlineSubsystem
LogPluginManager: Mounting plugin OnlineSubsystemNull
LogPluginManager: Mounting plugin OnlineSubsystemUtils
LogPluginManager: Mounting plugin AndroidDeviceProfileSelector
LogPluginManager: Mounting plugin AndroidMoviePlayer
LogPluginManager: Mounting plugin AndroidPermission
LogPluginManager: Mounting plugin AppleMoviePlayer
LogPluginManager: Mounting plugin ArchVisCharacter
LogPluginManager: Mounting plugin CableComponent
LogPluginManager: Mounting plugin CustomMeshComponent
LogPluginManager: Mounting plugin ExampleDeviceProfileSelector
LogPluginManager: Mounting plugin GoogleCloudMessaging
LogPluginManager: Mounting plugin ImmediatePhysics
LogPluginManager: Mounting plugin IOSDeviceProfileSelector
LogPluginManager: Mounting plugin LinuxDeviceProfileSelector
LogPluginManager: Mounting plugin LocationServicesBPLibrary
LogPluginManager: Mounting plugin MobilePatchingUtils
LogPluginManager: Mounting plugin OculusVR
LogPluginManager: Mounting plugin PhysXVehicles
LogPluginManager: Mounting plugin ProceduralMeshComponent
LogPluginManager: Mounting plugin RuntimePhysXCooking
LogPluginManager: Mounting plugin SteamVR
LogPluginManager: Mounting plugin WindowsMoviePlayer
LogInit: Using libcurl 7.47.1
LogInit:  - built for x86_64-pc-win32
LogInit:  - supports SSL with OpenSSL/1.0.2g
LogInit:  - supports HTTP deflate (compression) using libz 1.2.8
LogInit:  - other features:
LogInit:      CURL_VERSION_SSL
LogInit:      CURL_VERSION_LIBZ
LogInit:      CURL_VERSION_IPV6
LogInit:      CURL_VERSION_ASYNCHDNS
LogInit:      CURL_VERSION_LARGEFILE
LogInit:      CURL_VERSION_IDN
LogInit:  CurlRequestOptions (configurable via config and command line):
LogInit:  - bVerifyPeer = false  - Libcurl will NOT verify peer certificate
LogInit:  - bUseHttpProxy = false  - Libcurl will NOT use HTTP proxy
LogInit:  - bDontReuseConnections = false  - Libcurl will reuse connections
LogInit:  - CertBundlePath = nullptr  - Libcurl will use whatever was configured at build time.
LogHMD: Failed initializing OVRPlugin 1.15.0
LogInit: Build: ++UE4+Release-4.17-CL-3658906
LogInit: Engine Version: 4.17.2-3658906+++UE4+Release-4.17
LogInit: Compatible Engine Version: 4.17.0-3573198+++UE4+Release-4.17
LogInit: Net CL: 3573198
LogDevObjectVersion: Number of dev versions registered: 16
LogDevObjectVersion:   Dev-Blueprints (B0D832E4-1F89-4F0D-ACCF-7EB736FD4AA2): 10
LogDevObjectVersion:   Dev-Build (E1C64328-A22C-4D53-A36C-8E866417BD8C): 0
LogDevObjectVersion:   Dev-Core (375EC13C-06E4-48FB-B500-84F0262A717E): 2
LogDevObjectVersion:   Dev-Editor (E4B068ED-F494-42E9-A231-DA0B2E46BB41): 20
LogDevObjectVersion:   Dev-Framework (CFFC743F-43B0-4480-9391-14DF171D2073): 28
LogDevObjectVersion:   Dev-Mobile (B02B49B5-BB20-44E9-A304-32B752E40360): 0
LogDevObjectVersion:   Dev-Networking (A4E4105C-59A1-49B5-A7C5-40C4547EDFEE): 0
LogDevObjectVersion:   Dev-Online (39C831C9-5AE6-47DC-9A44-9C173E1C8E7C): 0
LogDevObjectVersion:   Dev-Physics (78F01B33-EBEA-4F98-B9B4-84EACCB95AA2): 0
LogDevObjectVersion:   Dev-Platform (6631380F-2D4D-43E0-8009-CF276956A95A): 0
LogDevObjectVersion:   Dev-Rendering (12F88B9F-8875-4AFC-A67C-D90C383ABD29): 19
LogDevObjectVersion:   Dev-Sequencer (7B5AE74C-D270-4C10-A958-57980B212A5A): 4
LogDevObjectVersion:   Dev-VR (D7296918-1DD6-4BDD-9DE2-64A83CC13884): 0
LogDevObjectVersion:   Dev-LoadTimes (C2A15278-BFE7-4AFE-6C17-90FF531DF755): 1
LogDevObjectVersion:   Private-Geometry (6EACA3D4-40EC-4CC1-B786-8BED09428FC5): 1
LogDevObjectVersion:   Dev-AnimPhys (29E575DD-E0A3-4627-9D10-D276232CDCEA): 7
LogInit: Compiled (64-bit): Sep 22 2017 13:47:16
LogInit: Compiled with Visual C++: 19.00.24215.01
LogInit: Build Configuration: Development
LogInit: Branch Name: ++UE4+Release-4.17
LogInit: Command line:  
LogInit: Base directory: C:/Program Files/Epic Games/UE_4.17/Engine/Binaries/Win64/
LogInit: Installed Engine Build: 1
LogInit: Presizing for max 8388607 objects, including 0 objects not considered by GC, pre-allocating 0 bytes for permanent pool.
LogInit: Object subsystem initialized
[2017.11.20-19.09.17:291][  0]LogInit: Selected Device Profile: [Windows]
[2017.11.20-19.09.17:291][  0]LogInit: Applying CVar settings loaded from the selected device profile: [Windows]
[2017.11.20-19.09.17:303][  0]LogInit: Computer: NM2-705-06GAM
[2017.11.20-19.09.17:303][  0]LogInit: User: yshao3
[2017.11.20-19.09.17:303][  0]LogInit: CPU Page size=4096, Cores=4
[2017.11.20-19.09.17:303][  0]LogInit: High frequency timer resolution =3.515623 MHz
[2017.11.20-19.09.17:303][  0]LogMemory: Memory total: Physical=63.9GB (64GB approx)
[2017.11.20-19.09.17:303][  0]LogMemory: Platform Memory Stats for Windows
[2017.11.20-19.09.17:303][  0]LogMemory: Process Physical Memory: 281.70 MB used, 281.70 MB peak
[2017.11.20-19.09.17:303][  0]LogMemory: Process Virtual Memory: 275.68 MB used, 275.68 MB peak
[2017.11.20-19.09.17:303][  0]LogMemory: Physical Memory: 5898.02 MB used,  59537.50 MB free, 65435.52 MB total
[2017.11.20-19.09.17:303][  0]LogMemory: Virtual Memory: 701.89 MB used,  59537.50 MB free, 134217728.00 MB total
[2017.11.20-19.09.17:431][  0]LogInit: Using OS detected language (en-US).
[2017.11.20-19.09.17:431][  0]LogInit: Using OS detected locale (en-US).
[2017.11.20-19.09.17:434][  0]LogTextLocalizationManager: No specific localization for 'en-US' exists, so the 'en' localization will be used.
[2017.11.20-19.09.17:955][  0]LogD3D11RHI: D3D11 adapters:
[2017.11.20-19.09.17:994][  0]LogD3D11RHI:    0. 'NVIDIA GeForce GTX 1080 Ti' (Feature Level 11_0)
[2017.11.20-19.09.17:994][  0]LogD3D11RHI:       11117/0/32717 MB DedicatedVideo/DedicatedSystem/SharedSystem, Outputs:2, VendorId:0x10de
[2017.11.20-19.09.18:000][  0]LogD3D11RHI:    1. 'Intel(R) HD Graphics 630' (Feature Level 11_0)
[2017.11.20-19.09.18:000][  0]LogD3D11RHI:       128/0/32717 MB DedicatedVideo/DedicatedSystem/SharedSystem, Outputs:0, VendorId:0x8086
[2017.11.20-19.09.18:002][  0]LogD3D11RHI:    2. 'Microsoft Basic Render Driver' (Feature Level 11_0)
[2017.11.20-19.09.18:002][  0]LogD3D11RHI:       0/0/32717 MB DedicatedVideo/DedicatedSystem/SharedSystem, Outputs:0, VendorId:0x1414
[2017.11.20-19.09.18:002][  0]LogD3D11RHI: Chosen D3D11 Adapter: 0
[2017.11.20-19.09.18:007][  0]LogD3D11RHI: Creating new Direct3DDevice
[2017.11.20-19.09.18:007][  0]LogD3D11RHI:     GPU DeviceId: 0x1b06 (for the marketing name, search the web for "GPU Device Id")
[2017.11.20-19.09.18:007][  0]LogWindows: EnumDisplayDevices:
[2017.11.20-19.09.18:007][  0]LogWindows:    0. 'NVIDIA GeForce GTX 1080 Ti' (P:0 D:1)
[2017.11.20-19.09.18:007][  0]LogWindows:    1. 'NVIDIA GeForce GTX 1080 Ti' (P:1 D:1)
[2017.11.20-19.09.18:007][  0]LogWindows:    2. 'NVIDIA GeForce GTX 1080 Ti' (P:0 D:0)
[2017.11.20-19.09.18:007][  0]LogWindows:    3. 'NVIDIA GeForce GTX 1080 Ti' (P:0 D:0)
[2017.11.20-19.09.18:008][  0]LogWindows:    4. 'Intel(R) HD Graphics 630' (P:0 D:0)
[2017.11.20-19.09.18:008][  0]LogWindows:    5. 'Intel(R) HD Graphics 630' (P:0 D:0)
[2017.11.20-19.09.18:008][  0]LogWindows:    6. 'Intel(R) HD Graphics 630' (P:0 D:0)
[2017.11.20-19.09.18:008][  0]LogWindows: DebugString: PrimaryIsNotTheChoosenAdapter PrimaryIsNotTheChoosenAdapter PrimaryIsNotTheChoosenAdapter FoundDriverCount:4 
[2017.11.20-19.09.18:008][  0]LogD3D11RHI:     Adapter Name: NVIDIA GeForce GTX 1080 Ti
[2017.11.20-19.09.18:008][  0]LogD3D11RHI:   Driver Version: 385.41 (internal:22.21.13.8541, unified:385.41)
[2017.11.20-19.09.18:008][  0]LogD3D11RHI:      Driver Date: 8-21-2017
[2017.11.20-19.09.18:008][  0]LogRHI: Texture pool is 1361 MB (70% of 1945 MB)
[2017.11.20-19.09.18:029][  0]LogD3D11RHI: Async texture creation enabled
[2017.11.20-19.09.18:039][  0]LogD3D11RHI: GPU Timing Frequency: 1000.000000 (Debug: 2 1)
[2017.11.20-19.09.18:124][  0]LogShaderCompilers: Guid format shader working directory is 3 characters bigger than the processId version (D:/Users/yshao3/Documents/GitHub/RoomMatch3/Intermediate/Shaders/WorkingDirectory/14752/).
[2017.11.20-19.09.18:124][  0]LogShaderCompilers: Cleaned the shader compiler working directory 'D:/Users/yshao3/AppData/Local/Temp/UnrealShaderWorkingDir/593ACCDE413DAB5A8AFCF5906CC8CE74/'.
[2017.11.20-19.09.18:124][  0]LogShaderCompilers: Display: Using Local Shader Compiler.
[2017.11.20-19.09.18:850][  0]LogTemp: Display: Loaded TP AllDesktopTargetPlatform
[2017.11.20-19.09.18:888][  0]LogTemp: Display: Loaded TP MacClientTargetPlatform
[2017.11.20-19.09.18:931][  0]LogTemp: Display: Loaded TP MacNoEditorTargetPlatform
[2017.11.20-19.09.18:978][  0]LogTemp: Display: Loaded TP MacServerTargetPlatform
[2017.11.20-19.09.19:019][  0]LogTemp: Display: Loaded TP MacTargetPlatform
[2017.11.20-19.09.19:057][  0]LogTemp: Display: Loaded TP WindowsClientTargetPlatform
[2017.11.20-19.09.19:097][  0]LogTemp: Display: Loaded TP WindowsNoEditorTargetPlatform
[2017.11.20-19.09.19:143][  0]LogTemp: Display: Loaded TP WindowsServerTargetPlatform
[2017.11.20-19.09.19:177][  0]LogTemp: Display: Loaded TP WindowsTargetPlatform
[2017.11.20-19.09.19:217][  0]LogTemp: Display: Loaded TP AndroidTargetPlatform
[2017.11.20-19.09.19:259][  0]LogTemp: Display: Loaded TP Android_ASTCTargetPlatform
[2017.11.20-19.09.19:302][  0]LogTemp: Display: Loaded TP Android_ATCTargetPlatform
[2017.11.20-19.09.19:345][  0]LogTemp: Display: Loaded TP Android_DXTTargetPlatform
[2017.11.20-19.09.19:386][  0]LogTemp: Display: Loaded TP Android_ETC1TargetPlatform
[2017.11.20-19.09.19:423][  0]LogTemp: Display: Loaded TP Android_ETC2TargetPlatform
[2017.11.20-19.09.19:497][  0]LogTemp: Display: Loaded TP Android_MultiTargetPlatform
[2017.11.20-19.09.19:497][  0]LogTemp: Display: Loaded TP Android_PVRTCTargetPlatform
[2017.11.20-19.09.19:526][  0]LogTemp: Display: Loaded TP HTML5TargetPlatform
[2017.11.20-19.09.19:608][  0]LogTemp: Display: Loaded TP IOSTargetPlatform
[2017.11.20-19.09.19:630][  0]LogTemp: Display: Loaded TP TVOSTargetPlatform
[2017.11.20-19.09.19:674][  0]LogTemp: Display: Loaded TP LinuxClientTargetPlatform
[2017.11.20-19.09.19:716][  0]LogTemp: Display: Loaded TP LinuxNoEditorTargetPlatform
[2017.11.20-19.09.19:759][  0]LogTemp: Display: Loaded TP LinuxServerTargetPlatform
[2017.11.20-19.09.19:800][  0]LogTemp: Display: Loaded TP LinuxTargetPlatform
[2017.11.20-19.09.19:800][  0]LogTargetPlatformManager: Display: Building Assets For Windows
[2017.11.20-19.09.20:187][  0]LogDerivedDataCache: Display: Max Cache Size: 512 MB
[2017.11.20-19.09.20:261][  0]LogDerivedDataCache: Loaded boot cache 0.07s 93MB D:/Users/yshao3/AppData/Local/UnrealEngine/4.17/DerivedDataCache/Boot.ddc.
[2017.11.20-19.09.20:261][  0]LogDerivedDataCache: Display: Loaded Boot cache: D:/Users/yshao3/AppData/Local/UnrealEngine/4.17/DerivedDataCache/Boot.ddc
[2017.11.20-19.09.20:261][  0]LogDerivedDataCache: FDerivedDataBackendGraph:  Pak pak cache file D:/Users/yshao3/Documents/GitHub/RoomMatch3/DerivedDataCache/DDC.ddp not found, will not use a pak cache.
[2017.11.20-19.09.20:261][  0]LogDerivedDataCache: Unable to find inner node Pak for hierarchical cache Hierarchy.
[2017.11.20-19.09.20:261][  0]LogDerivedDataCache: FDerivedDataBackendGraph:  CompressedPak pak cache file D:/Users/yshao3/Documents/GitHub/RoomMatch3/DerivedDataCache/Compressed.ddp not found, will not use a pak cache.
[2017.11.20-19.09.20:261][  0]LogDerivedDataCache: Unable to find inner node CompressedPak for hierarchical cache Hierarchy.
[2017.11.20-19.09.20:277][  0]LogDerivedDataCache: Display: Pak cache opened for reading ../../../Engine/DerivedDataCache/Compressed.ddp.
[2017.11.20-19.09.20:289][  0]LogDerivedDataCache: Using Local data cache path D:/Users/yshao3/AppData/Local/UnrealEngine/Common/DerivedDataCache: Writable
[2017.11.20-19.09.20:299][  0]LogMaterial: Verifying Global Shaders for PCD3D_SM5
[2017.11.20-19.09.20:299][  0]LogSlate: Using Freetype 2.6.0
[2017.11.20-19.09.20:300][  0]LogSlate: SlateFontCache - WITH_FREETYPE: 1, WITH_HARFBUZZ: 1
[2017.11.20-19.09.20:300][  0]LogSlate: SlateFontCache - WITH_FREETYPE: 1, WITH_HARFBUZZ: 1
[2017.11.20-19.09.20:511][  0]LogAssetRegistry: FAssetRegistry took 0.0274 seconds to start up
[2017.11.20-19.09.20:593][  0]LogInit: Selected Device Profile: [Windows]
[2017.11.20-19.09.20:893][  0]LogSimplygon: Simplygon DLL not present - disabling.
[2017.11.20-19.09.20:924][  0]LogMeshReduction: Using SimplygonSwarm for distributed automatic mesh merging
[2017.11.20-19.09.20:924][  0]LogMeshReduction: Using QuadricMeshReduction for automatic static mesh reduction
[2017.11.20-19.09.20:924][  0]LogMeshReduction: No automatic skeletal mesh reduction module available
[2017.11.20-19.09.20:924][  0]LogMeshReduction: No automatic mesh merging module available
[2017.11.20-19.09.20:924][  0]LogMeshMerging: No automatic mesh merging module available
[2017.11.20-19.09.20:925][  0]LogContentStreaming: Texture pool size is 0.00 MB
[2017.11.20-19.09.21:270][  0]LogNetVersion: RoomMatch3 , NetCL: 3573198, EngineNetVer: 2, GameNetVer: 0 (Checksum: 481414451)
[2017.11.20-19.09.21:438][  0]LogPackageLocalizationCache: Processed 5 localized package path(s) for 2 prioritized culture(s) in 0.039790 seconds
[2017.11.20-19.09.21:444][  0]LogUObjectArray: 35825 objects as part of root set at end of initial load.
[2017.11.20-19.09.21:444][  0]LogUObjectAllocator: 7529112 out of 0 bytes used by permanent object pool.
[2017.11.20-19.09.21:444][  0]LogUObjectArray: CloseDisregardForGC: 0/0 objects in disregard for GC pool
[2017.11.20-19.09.21:496][  0]LogInit: WinSock: version 1.1 (2.2), MaxSocks=32767, MaxUdp=65467
[2017.11.20-19.09.23:690][  0]LogTcpMessaging: Initializing TcpMessaging bridge
[2017.11.20-19.09.23:729][  0]LogUdpMessaging: Initializing bridge on interface 0.0.0.0:0 to multicast group 230.0.0.1:6666.
[2017.11.20-19.09.24:328][  0]LogMaterial: Uniform references updated for custom material expression Custom.
[2017.11.20-19.09.24:669][  0]SourceControl: Source control is disabled
[2017.11.20-19.09.24:669][  0]SourceControl: Source control is disabled
[2017.11.20-19.09.24:715][  0]SourceControl: Source control is disabled
[2017.11.20-19.09.24:765][  0]SourceControl: Source control is disabled
[2017.11.20-19.09.25:306][  0]LogAndroidPermission: UAndroidPermissionCallbackProxy::GetInstance
[2017.11.20-19.09.25:525][  0]LogOcInput: OculusInput pre-init called
[2017.11.20-19.09.25:766][  0]LogEngine: Initializing Engine...
[2017.11.20-19.09.25:768][  0]LogHMD: Failed to initialize OpenVR with code 110
[2017.11.20-19.09.25:942][  0]LogStats: UGameplayTagsManager::ConstructGameplayTagTree: Construct from data asset -  0.000 s
[2017.11.20-19.09.25:942][  0]LogStats: UGameplayTagsManager::ConstructGameplayTagTree: GameplayTagTreeChangedEvent.Broadcast -  0.000 s
[2017.11.20-19.09.26:062][  0]LogAIModule: Creating AISystem for world Untitled
[2017.11.20-19.09.26:084][  0]LogInit: XAudio2 using 'Headset Earphone (Corsair VOID RGB USB Gaming Headset )' : 2 channels at 48 kHz using 16 bits per sample (channel mask 0x3)
[2017.11.20-19.09.26:116][  0]LogInit: FAudioDevice initialized.
[2017.11.20-19.09.26:215][  0]LogDerivedDataCache: Saved boot cache 0.10s 93MB D:/Users/yshao3/AppData/Local/UnrealEngine/4.17/DerivedDataCache/Boot.ddc.
[2017.11.20-19.09.26:226][  0]LogInit: Texture streaming: Enabled
[2017.11.20-19.09.26:340][  0]LogEngineSessionManager: EngineSessionManager initialized
[2017.11.20-19.09.26:530][  0]LogInit: Transaction tracking system initialized
[2017.11.20-19.09.26:798][  0]BlueprintLog: New page: Editor Load
[2017.11.20-19.09.27:644][  0]LocalizationService: Localization service is disabled
[2017.11.20-19.09.28:226][  0]LogConsoleResponse: Display: 
[2017.11.20-19.09.28:372][  0]LogCook: Display: Max memory allowance for cook 16384mb min free memory 0mb
[2017.11.20-19.09.28:372][  0]LogCook: Display: Mobile HDR setting 1
[2017.11.20-19.09.28:372][  0]LogGameplayTags: Display: UGameplayTagsManager::DoneAddingNativeTags. DelegateIsBound: 0
[2017.11.20-19.09.28:811][  0]LogFileCache: Scanning file cache for directory 'D:/Users/yshao3/Documents/GitHub/RoomMatch3/Content/' took 0.01s
[2017.11.20-19.09.29:256][  0]SourceControl: Source control is disabled
[2017.11.20-19.09.29:256][  0]Cmd: MAP LOAD FILE="D:/Users/yshao3/Documents/GitHub/RoomMatch3/Content/ThirdPersonBP/Maps/ThirdPersonExampleMap.umap" TEMPLATE=0 SHOWPROGRESS=1 FEATURELEVEL=3
[2017.11.20-19.09.29:261][  0]LightingResults: New page: Lighting Build
[2017.11.20-19.09.29:296][  0]MapCheck: New page: Map Check
[2017.11.20-19.09.29:296][  0]LightingResults: New page: Lighting Build
[2017.11.20-19.09.29:864][  0]LogAIModule: Creating AISystem for world ThirdPersonExampleMap
[2017.11.20-19.09.29:887][  0]LogEditorServer: Finished looking for orphan Actors (0.000 secs)
[2017.11.20-19.09.29:918][  0]Cmd: MAP CHECKDEP NOCLEARLOG
[2017.11.20-19.09.29:964][  0]MapCheck: Map check complete: 0 Error(s), 0 Warning(s), took 46.798ms to complete.
[2017.11.20-19.09.29:964][  0]LogFileHelpers: Loading map 'ThirdPersonExampleMap' took 0.708
[2017.11.20-19.09.30:096][  0]LogCollectionManager: Loaded 0 collections in 0.001753 seconds
[2017.11.20-19.09.30:167][  0]LogFileCache: Scanning file cache for directory 'D:/Users/yshao3/Documents/GitHub/RoomMatch3/Saved/Collections/' took 0.01s
[2017.11.20-19.09.30:167][  0]LogFileCache: Scanning file cache for directory 'D:/Users/yshao3/Documents/GitHub/RoomMatch3/Content/Developers/yshao3/Collections/' took 0.01s
[2017.11.20-19.09.30:167][  0]LogFileCache: Scanning file cache for directory 'D:/Users/yshao3/Documents/GitHub/RoomMatch3/Content/Collections/' took 0.01s
[2017.11.20-19.09.30:167][  0]LogCollectionManager: Rebuilt the GUID cache for 0 collections in 0.000000 seconds
[2017.11.20-19.09.30:177][  0]LogContentBrowser: Native class hierarchy populated in 0.0101 seconds. Added 2386 classes and 500 folders.
[2017.11.20-19.09.30:228][  0]LogContentBrowser: Native class hierarchy updated for 'WidgetCarousel' in 0.0005 seconds. Added 0 classes and 0 folders.
[2017.11.20-19.09.30:259][  0]LogContentBrowser: Native class hierarchy updated for 'AddContentDialog' in 0.0007 seconds. Added 0 classes and 0 folders.
[2017.11.20-19.09.30:297][  0]LogContentBrowser: Native class hierarchy updated for 'SceneOutliner' in 0.0005 seconds. Added 1 classes and 2 folders.
[2017.11.20-19.09.30:316][  0]LogSlate: Took 0.000178 seconds to synchronously load lazily loaded font '../../../Engine/Content/Slate/Fonts/Roboto-Regular.ttf' (155K)
[2017.11.20-19.09.30:317][  0]LogSlate: Took 0.000152 seconds to synchronously load lazily loaded font '../../../Engine/Content/Slate/Fonts/Roboto-Bold.ttf' (160K)
[2017.11.20-19.09.30:321][  0]LogSlate: Took 0.000111 seconds to synchronously load lazily loaded font '../../../Engine/Content/Editor/Slate/Fonts/FontAwesome.ttf' (139K)
[2017.11.20-19.09.30:402][  0]LogRenderer: Reallocating scene render targets to support 1208x576 Format 10 NumSamples 1 (Frame:1).
[2017.11.20-19.09.30:581][  0]LogContentBrowser: Native class hierarchy updated for 'HierarchicalLODOutliner' in 0.0007 seconds. Added 1 classes and 2 folders.
[2017.11.20-19.09.30:582][  0]LogLoad: (Engine Initialization) Total time: 15.20 seconds
[2017.11.20-19.09.30:582][  0]LogLoad: (Engine Initialization) Total Blueprint compile time: 0.00 seconds
[2017.11.20-19.09.30:582][  0]LogExternalProfiler: Found external profiler: VSPerf
[2017.11.20-19.09.30:582][  0]LogExternalProfiler: Using external profiler: VSPerf
[2017.11.20-19.09.30:936][  0]LogAssetRegistry: Asset discovery search completed in 10.4490 seconds
[2017.11.20-19.09.30:938][  0]LogCollectionManager: Rebuilt the object cache for 0 collections in 0.000001 seconds (found 0 objects)
[2017.11.20-19.09.30:938][  0]LogCollectionManager: Fixed up redirectors for 0 collections in 0.000041 seconds (updated 0 objects)
[2017.11.20-19.09.30:942][  0]LogContentStreaming: Texture pool size now 1000 MB
[2017.11.20-19.09.30:995][  0]LogSlate: Took 0.000148 seconds to synchronously load lazily loaded font '../../../Engine/Content/Slate/Fonts/Roboto-Light.ttf' (159K)
[2017.11.20-19.09.54:638][471]LogEditorViewport: Clicking on Actor (LMB): BP_Sky_Sphere_C (SkySphereBlueprint)
[2017.11.20-19.10.00:956][206]LogTemp: Repeating last play command: Selected Viewport
[2017.11.20-19.10.02:000][206]LogBlueprintUserMessages: Early PlayInEditor Detection: Level '/Game/ThirdPersonBP/Maps/ThirdPersonExampleMap.ThirdPersonExampleMap:PersistentLevel' has LevelScriptBlueprint '/Game/ThirdPersonBP/Maps/ThirdPersonExampleMap.ThirdPersonExampleMap:PersistentLevel.ThirdPersonExampleMap' with GeneratedClass '/Game/ThirdPersonBP/Maps/ThirdPersonExampleMap.ThirdPersonExampleMap_C' with ClassGeneratedBy '/Game/ThirdPersonBP/Maps/ThirdPersonExampleMap.ThirdPersonExampleMap:PersistentLevel.ThirdPersonExampleMap'
[2017.11.20-19.10.02:000][206]LogPlayLevel: PlayLevel: No blueprints needed recompiling
[2017.11.20-19.10.02:026][206]PIE: New page: PIE session: ThirdPersonExampleMap (Nov 20, 2017, 3:10:02 AM)
[2017.11.20-19.10.02:026][206]LogPlayLevel: Creating play world package: /Game/ThirdPersonBP/Maps/UEDPIE_0_ThirdPersonExampleMap
[2017.11.20-19.10.02:105][206]LogPlayLevel: PIE: StaticDuplicateObject took: (0.079445s)
[2017.11.20-19.10.02:106][206]LogAIModule: Creating AISystem for world ThirdPersonExampleMap
[2017.11.20-19.10.02:106][206]LogPlayLevel: PIE: World Init took: (0.000737s)
[2017.11.20-19.10.02:106][206]LogPlayLevel: PIE: Created PIE world by copying editor world from /Game/ThirdPersonBP/Maps/ThirdPersonExampleMap.ThirdPersonExampleMap to /Game/ThirdPersonBP/Maps/UEDPIE_0_ThirdPersonExampleMap.ThirdPersonExampleMap (0.080460s)
[2017.11.20-19.10.02:121][206]LogInit: XAudio2 using 'Headset Earphone (Corsair VOID RGB USB Gaming Headset )' : 2 channels at 48 kHz using 16 bits per sample (channel mask 0x3)
[2017.11.20-19.10.02:128][206]LogInit: FAudioDevice initialized.
[2017.11.20-19.10.02:175][206]LogLoad: Game class is 'ThirdPersonGameMode_C'
[2017.11.20-19.10.02:206][206]LogWorld: Bringing World /Game/ThirdPersonBP/Maps/UEDPIE_0_ThirdPersonExampleMap.ThirdPersonExampleMap up for play (max tick rate 0) at 2017.11.20-11.10.02
[2017.11.20-19.10.02:209][206]LogWorld: Bringing up level for play took: 0.006925
[2017.11.20-19.10.02:249][206]LogContentBrowser: Native class hierarchy updated for 'MovieSceneCapture' in 0.0005 seconds. Added 11 classes and 0 folders.
[2017.11.20-19.10.02:250][206]PIE: Play in editor start time for /Game/ThirdPersonBP/Maps/UEDPIE_0_ThirdPersonExampleMap 0.187
[2017.11.20-19.10.02:250][206]LogBlueprintUserMessages: Late PlayInEditor Detection: Level '/Game/ThirdPersonBP/Maps/ThirdPersonExampleMap.ThirdPersonExampleMap:PersistentLevel' has LevelScriptBlueprint '/Game/ThirdPersonBP/Maps/ThirdPersonExampleMap.ThirdPersonExampleMap:PersistentLevel.ThirdPersonExampleMap' with GeneratedClass '/Game/ThirdPersonBP/Maps/ThirdPersonExampleMap.ThirdPersonExampleMap_C' with ClassGeneratedBy '/Game/ThirdPersonBP/Maps/ThirdPersonExampleMap.ThirdPersonExampleMap:PersistentLevel.ThirdPersonExampleMap'
[2017.11.20-19.10.09:980][116]LogBlueprintUserMessages: Early EndPlayMap Detection: Level '/Game/ThirdPersonBP/Maps/ThirdPersonExampleMap.ThirdPersonExampleMap:PersistentLevel' has LevelScriptBlueprint '/Game/ThirdPersonBP/Maps/ThirdPersonExampleMap.ThirdPersonExampleMap:PersistentLevel.ThirdPersonExampleMap' with GeneratedClass '/Game/ThirdPersonBP/Maps/ThirdPersonExampleMap.ThirdPersonExampleMap_C' with ClassGeneratedBy '/Game/ThirdPersonBP/Maps/ThirdPersonExampleMap.ThirdPersonExampleMap:PersistentLevel.ThirdPersonExampleMap'
[2017.11.20-19.10.10:019][116]LogBlueprintUserMessages: Late EndPlayMap Detection: Level '/Game/ThirdPersonBP/Maps/ThirdPersonExampleMap.ThirdPersonExampleMap:PersistentLevel' has LevelScriptBlueprint '/Game/ThirdPersonBP/Maps/ThirdPersonExampleMap.ThirdPersonExampleMap:PersistentLevel.ThirdPersonExampleMap' with GeneratedClass '/Game/ThirdPersonBP/Maps/ThirdPersonExampleMap.ThirdPersonExampleMap_C' with ClassGeneratedBy '/Game/ThirdPersonBP/Maps/ThirdPersonExampleMap.ThirdPersonExampleMap:PersistentLevel.ThirdPersonExampleMap'
[2017.11.20-19.10.16:995][900]LogEditorViewport: Clicking on Actor (LMB): StaticMeshActor (Cube9)
[2017.11.20-19.10.20:837][344]Cmd: EDIT CUT
[2017.11.20-19.10.20:845][344]LogEditorActor: Deleted Actor: StaticMeshActor
[2017.11.20-19.10.20:853][344]LogEditorActor: Deleted 1 Actors (0.014 secs)
[2017.11.20-19.10.22:219][508]Cmd: TRANSACTION UNDO
[2017.11.20-19.10.22:219][508]LogEditorTransaction: Undo Cut
[2017.11.20-19.10.22:256][508]LogSlate: Took 0.002940 seconds to synchronously load lazily loaded font '../../../Engine/Content/Slate/Fonts/Roboto-Light.ttf' (159K)
[2017.11.20-19.10.23:758][683]Cmd: EDIT COPY
[2017.11.20-19.10.24:009][713]Cmd: EDIT PASTE
[2017.11.20-19.10.52:197][874]LogEditorViewport: Clicking on Actor (LMB): StaticMeshActor (Floor)
[2017.11.20-19.10.59:771][728]LogEditorViewport: Clicking on Actor (LMB): SpotLight (SpotLight2)
[2017.11.20-19.11.00:862][848]Cmd: DELETE
[2017.11.20-19.11.00:862][848]Cmd: ACTOR DELETE
[2017.11.20-19.11.00:863][848]LogEditorActor: Deleted Actor: SpotLight
[2017.11.20-19.11.00:871][848]LogEditorActor: Deleted 1 Actors (0.009 secs)
[2017.11.20-19.11.01:538][928]LogEditorViewport: Clicking on Actor (LMB): StaticMeshActor (Floor)
[2017.11.20-19.11.04:962][313]LogTemp: Repeating last play command: Selected Viewport
[2017.11.20-19.11.04:979][313]LogBlueprintUserMessages: Early PlayInEditor Detection: Level '/Game/ThirdPersonBP/Maps/ThirdPersonExampleMap.ThirdPersonExampleMap:PersistentLevel' has LevelScriptBlueprint '/Game/ThirdPersonBP/Maps/ThirdPersonExampleMap.ThirdPersonExampleMap:PersistentLevel.ThirdPersonExampleMap' with GeneratedClass '/Game/ThirdPersonBP/Maps/ThirdPersonExampleMap.ThirdPersonExampleMap_C' with ClassGeneratedBy '/Game/ThirdPersonBP/Maps/ThirdPersonExampleMap.ThirdPersonExampleMap:PersistentLevel.ThirdPersonExampleMap'
[2017.11.20-19.11.04:979][313]LogPlayLevel: PlayLevel: No blueprints needed recompiling
[2017.11.20-19.11.04:980][313]PIE: New page: PIE session: ThirdPersonExampleMap (Nov 20, 2017, 3:11:04 AM)
[2017.11.20-19.11.04:980][313]LogPlayLevel: Creating play world package: /Game/ThirdPersonBP/Maps/UEDPIE_0_ThirdPersonExampleMap
[2017.11.20-19.11.05:009][313]LogPlayLevel: PIE: StaticDuplicateObject took: (0.029593s)
[2017.11.20-19.11.05:010][313]LogAIModule: Creating AISystem for world ThirdPersonExampleMap
[2017.11.20-19.11.05:010][313]LogPlayLevel: PIE: World Init took: (0.000837s)
[2017.11.20-19.11.05:010][313]LogPlayLevel: PIE: Created PIE world by copying editor world from /Game/ThirdPersonBP/Maps/ThirdPersonExampleMap.ThirdPersonExampleMap to /Game/ThirdPersonBP/Maps/UEDPIE_0_ThirdPersonExampleMap.ThirdPersonExampleMap (0.030707s)
[2017.11.20-19.11.05:036][313]LogInit: XAudio2 using 'Headset Earphone (Corsair VOID RGB USB Gaming Headset )' : 2 channels at 48 kHz using 16 bits per sample (channel mask 0x3)
[2017.11.20-19.11.05:047][313]LogInit: FAudioDevice initialized.
[2017.11.20-19.11.05:076][313]LogLoad: Game class is 'ThirdPersonGameMode_C'
[2017.11.20-19.11.05:080][313]LogWorld: Bringing World /Game/ThirdPersonBP/Maps/UEDPIE_0_ThirdPersonExampleMap.ThirdPersonExampleMap up for play (max tick rate 0) at 2017.11.20-11.11.05
[2017.11.20-19.11.05:081][313]LogWorld: Bringing up level for play took: 0.004246
[2017.11.20-19.11.05:082][313]PIE: Play in editor start time for /Game/ThirdPersonBP/Maps/UEDPIE_0_ThirdPersonExampleMap 1.02
[2017.11.20-19.11.05:082][313]LogBlueprintUserMessages: Late PlayInEditor Detection: Level '/Game/ThirdPersonBP/Maps/ThirdPersonExampleMap.ThirdPersonExampleMap:PersistentLevel' has LevelScriptBlueprint '/Game/ThirdPersonBP/Maps/ThirdPersonExampleMap.ThirdPersonExampleMap:PersistentLevel.ThirdPersonExampleMap' with GeneratedClass '/Game/ThirdPersonBP/Maps/ThirdPersonExampleMap.ThirdPersonExampleMap_C' with ClassGeneratedBy '/Game/ThirdPersonBP/Maps/ThirdPersonExampleMap.ThirdPersonExampleMap:PersistentLevel.ThirdPersonExampleMap'
[2017.11.20-19.11.11:807][108]LogBlueprintUserMessages: Early EndPlayMap Detection: Level '/Game/ThirdPersonBP/Maps/ThirdPersonExampleMap.ThirdPersonExampleMap:PersistentLevel' has LevelScriptBlueprint '/Game/ThirdPersonBP/Maps/ThirdPersonExampleMap.ThirdPersonExampleMap:PersistentLevel.ThirdPersonExampleMap' with GeneratedClass '/Game/ThirdPersonBP/Maps/ThirdPersonExampleMap.ThirdPersonExampleMap_C' with ClassGeneratedBy '/Game/ThirdPersonBP/Maps/ThirdPersonExampleMap.ThirdPersonExampleMap:PersistentLevel.ThirdPersonExampleMap'
[2017.11.20-19.11.11:852][108]LogBlueprintUserMessages: Late EndPlayMap Detection: Level '/Game/ThirdPersonBP/Maps/ThirdPersonExampleMap.ThirdPersonExampleMap:PersistentLevel' has LevelScriptBlueprint '/Game/ThirdPersonBP/Maps/ThirdPersonExampleMap.ThirdPersonExampleMap:PersistentLevel.ThirdPersonExampleMap' with GeneratedClass '/Game/ThirdPersonBP/Maps/ThirdPersonExampleMap.ThirdPersonExampleMap_C' with ClassGeneratedBy '/Game/ThirdPersonBP/Maps/ThirdPersonExampleMap.ThirdPersonExampleMap:PersistentLevel.ThirdPersonExampleMap'
[2017.11.20-19.11.14:794][432]LogEditorViewport: Clicking on Actor (LMB): StaticMeshActor (Cube10)
[2017.11.20-19.11.15:766][533]Cmd: EDIT COPY
[2017.11.20-19.11.15:999][560]Cmd: EDIT PASTE
[2017.11.20-19.11.44:948][917]LogEditorViewport: Clicking on Actor (LMB): StaticMeshActor (Cube11)
[2017.11.20-19.11.53:440][881]LogSlate: Took 0.003818 seconds to synchronously load lazily loaded font '../../../Engine/Content/Editor/Slate/Fonts/Roboto-Italic.ttf' (157K)
[2017.11.20-19.12.12:202][  9]LogEditorViewport: Clicking on Actor (LMB): StaticMeshActor (Floor)
[2017.11.20-19.12.13:531][144]LogEditorViewport: Clicking on Actor (LMB): StaticMeshActor (Cube11)
[2017.11.20-19.12.19:188][732]LogEditorViewport: Clicking on Actor (LMB): StaticMeshActor (Floor)
[2017.11.20-19.12.21:658][997]LogEditorViewport: Clicking on Actor (LMB): StaticMeshActor (Cube11)
[2017.11.20-19.12.25:335][418]LogEditorViewport: Clicking on Actor (LMB): StaticMeshActor (Floor)
[2017.11.20-19.12.26:246][522]LogTemp: Repeating last play command: Selected Viewport
[2017.11.20-19.12.26:263][522]LogBlueprintUserMessages: Early PlayInEditor Detection: Level '/Game/ThirdPersonBP/Maps/ThirdPersonExampleMap.ThirdPersonExampleMap:PersistentLevel' has LevelScriptBlueprint '/Game/ThirdPersonBP/Maps/ThirdPersonExampleMap.ThirdPersonExampleMap:PersistentLevel.ThirdPersonExampleMap' with GeneratedClass '/Game/ThirdPersonBP/Maps/ThirdPersonExampleMap.ThirdPersonExampleMap_C' with ClassGeneratedBy '/Game/ThirdPersonBP/Maps/ThirdPersonExampleMap.ThirdPersonExampleMap:PersistentLevel.ThirdPersonExampleMap'
[2017.11.20-19.12.26:263][522]LogPlayLevel: PlayLevel: No blueprints needed recompiling
[2017.11.20-19.12.26:263][522]PIE: New page: PIE session: ThirdPersonExampleMap (Nov 20, 2017, 3:12:26 AM)
[2017.11.20-19.12.26:263][522]LogPlayLevel: Creating play world package: /Game/ThirdPersonBP/Maps/UEDPIE_0_ThirdPersonExampleMap
[2017.11.20-19.12.26:293][522]LogPlayLevel: PIE: StaticDuplicateObject took: (0.029550s)
[2017.11.20-19.12.26:294][522]LogAIModule: Creating AISystem for world ThirdPersonExampleMap
[2017.11.20-19.12.26:294][522]LogPlayLevel: PIE: World Init took: (0.000955s)
[2017.11.20-19.12.26:294][522]LogPlayLevel: PIE: Created PIE world by copying editor world from /Game/ThirdPersonBP/Maps/ThirdPersonExampleMap.ThirdPersonExampleMap to /Game/ThirdPersonBP/Maps/UEDPIE_0_ThirdPersonExampleMap.ThirdPersonExampleMap (0.030822s)
[2017.11.20-19.12.26:310][522]LogInit: XAudio2 using 'Headset Earphone (Corsair VOID RGB USB Gaming Headset )' : 2 channels at 48 kHz using 16 bits per sample (channel mask 0x3)
[2017.11.20-19.12.26:316][522]LogInit: FAudioDevice initialized.
[2017.11.20-19.12.26:347][522]LogLoad: Game class is 'ThirdPersonGameMode_C'
[2017.11.20-19.12.26:351][522]LogWorld: Bringing World /Game/ThirdPersonBP/Maps/UEDPIE_0_ThirdPersonExampleMap.ThirdPersonExampleMap up for play (max tick rate 0) at 2017.11.20-11.12.26
[2017.11.20-19.12.26:352][522]LogWorld: Bringing up level for play took: 0.004058
[2017.11.20-19.12.26:353][522]PIE: Play in editor start time for /Game/ThirdPersonBP/Maps/UEDPIE_0_ThirdPersonExampleMap 0.292
[2017.11.20-19.12.26:353][522]LogBlueprintUserMessages: Late PlayInEditor Detection: Level '/Game/ThirdPersonBP/Maps/ThirdPersonExampleMap.ThirdPersonExampleMap:PersistentLevel' has LevelScriptBlueprint '/Game/ThirdPersonBP/Maps/ThirdPersonExampleMap.ThirdPersonExampleMap:PersistentLevel.ThirdPersonExampleMap' with GeneratedClass '/Game/ThirdPersonBP/Maps/ThirdPersonExampleMap.ThirdPersonExampleMap_C' with ClassGeneratedBy '/Game/ThirdPersonBP/Maps/ThirdPersonExampleMap.ThirdPersonExampleMap:PersistentLevel.ThirdPersonExampleMap'
[2017.11.20-19.12.34:951][551]LogBlueprintUserMessages: Early EndPlayMap Detection: Level '/Game/ThirdPersonBP/Maps/ThirdPersonExampleMap.ThirdPersonExampleMap:PersistentLevel' has LevelScriptBlueprint '/Game/ThirdPersonBP/Maps/ThirdPersonExampleMap.ThirdPersonExampleMap:PersistentLevel.ThirdPersonExampleMap' with GeneratedClass '/Game/ThirdPersonBP/Maps/ThirdPersonExampleMap.ThirdPersonExampleMap_C' with ClassGeneratedBy '/Game/ThirdPersonBP/Maps/ThirdPersonExampleMap.ThirdPersonExampleMap:PersistentLevel.ThirdPersonExampleMap'
[2017.11.20-19.12.34:998][551]LogBlueprintUserMessages: Late EndPlayMap Detection: Level '/Game/ThirdPersonBP/Maps/ThirdPersonExampleMap.ThirdPersonExampleMap:PersistentLevel' has LevelScriptBlueprint '/Game/ThirdPersonBP/Maps/ThirdPersonExampleMap.ThirdPersonExampleMap:PersistentLevel.ThirdPersonExampleMap' with GeneratedClass '/Game/ThirdPersonBP/Maps/ThirdPersonExampleMap.ThirdPersonExampleMap_C' with ClassGeneratedBy '/Game/ThirdPersonBP/Maps/ThirdPersonExampleMap.ThirdPersonExampleMap:PersistentLevel.ThirdPersonExampleMap'
[2017.11.20-19.12.35:830][645]LogEditorViewport: Clicking on Actor (LMB): StaticMeshActor (Cube9)
[2017.11.20-19.12.41:403][271]Cmd: EDIT COPY
[2017.11.20-19.12.41:621][289]Cmd: EDIT PASTE
[2017.11.20-19.13.24:741][224]LogEditorViewport: Clicking on Actor (LMB): StaticMeshActor (Floor)
[2017.11.20-19.13.31:232][928]LogTemp: Repeating last play command: Selected Viewport
[2017.11.20-19.13.31:250][928]LogBlueprintUserMessages: Early PlayInEditor Detection: Level '/Game/ThirdPersonBP/Maps/ThirdPersonExampleMap.ThirdPersonExampleMap:PersistentLevel' has LevelScriptBlueprint '/Game/ThirdPersonBP/Maps/ThirdPersonExampleMap.ThirdPersonExampleMap:PersistentLevel.ThirdPersonExampleMap' with GeneratedClass '/Game/ThirdPersonBP/Maps/ThirdPersonExampleMap.ThirdPersonExampleMap_C' with ClassGeneratedBy '/Game/ThirdPersonBP/Maps/ThirdPersonExampleMap.ThirdPersonExampleMap:PersistentLevel.ThirdPersonExampleMap'
[2017.11.20-19.13.31:250][928]LogPlayLevel: PlayLevel: No blueprints needed recompiling
[2017.11.20-19.13.31:250][928]PIE: New page: PIE session: ThirdPersonExampleMap (Nov 20, 2017, 3:13:31 AM)
[2017.11.20-19.13.31:250][928]LogPlayLevel: Creating play world package: /Game/ThirdPersonBP/Maps/UEDPIE_0_ThirdPersonExampleMap
[2017.11.20-19.13.31:279][928]LogPlayLevel: PIE: StaticDuplicateObject took: (0.028817s)
[2017.11.20-19.13.31:280][928]LogAIModule: Creating AISystem for world ThirdPersonExampleMap
[2017.11.20-19.13.31:280][928]LogPlayLevel: PIE: World Init took: (0.000730s)
[2017.11.20-19.13.31:280][928]LogPlayLevel: PIE: Created PIE world by copying editor world from /Game/ThirdPersonBP/Maps/ThirdPersonExampleMap.ThirdPersonExampleMap to /Game/ThirdPersonBP/Maps/UEDPIE_0_ThirdPersonExampleMap.ThirdPersonExampleMap (0.029836s)
[2017.11.20-19.13.31:295][928]LogInit: XAudio2 using 'Headset Earphone (Corsair VOID RGB USB Gaming Headset )' : 2 channels at 48 kHz using 16 bits per sample (channel mask 0x3)
[2017.11.20-19.13.31:302][928]LogInit: FAudioDevice initialized.
[2017.11.20-19.13.31:330][928]LogLoad: Game class is 'ThirdPersonGameMode_C'
[2017.11.20-19.13.31:334][928]LogWorld: Bringing World /Game/ThirdPersonBP/Maps/UEDPIE_0_ThirdPersonExampleMap.ThirdPersonExampleMap up for play (max tick rate 0) at 2017.11.20-11.13.31
[2017.11.20-19.13.31:334][928]LogWorld: Bringing up level for play took: 0.003886
[2017.11.20-19.13.31:335][928]PIE: Play in editor start time for /Game/ThirdPersonBP/Maps/UEDPIE_0_ThirdPersonExampleMap -0.726
[2017.11.20-19.13.31:335][928]LogBlueprintUserMessages: Late PlayInEditor Detection: Level '/Game/ThirdPersonBP/Maps/ThirdPersonExampleMap.ThirdPersonExampleMap:PersistentLevel' has LevelScriptBlueprint '/Game/ThirdPersonBP/Maps/ThirdPersonExampleMap.ThirdPersonExampleMap:PersistentLevel.ThirdPersonExampleMap' with GeneratedClass '/Game/ThirdPersonBP/Maps/ThirdPersonExampleMap.ThirdPersonExampleMap_C' with ClassGeneratedBy '/Game/ThirdPersonBP/Maps/ThirdPersonExampleMap.ThirdPersonExampleMap:PersistentLevel.ThirdPersonExampleMap'
[2017.11.20-19.13.52:231][432]LogBlueprintUserMessages: Early EndPlayMap Detection: Level '/Game/ThirdPersonBP/Maps/ThirdPersonExampleMap.ThirdPersonExampleMap:PersistentLevel' has LevelScriptBlueprint '/Game/ThirdPersonBP/Maps/ThirdPersonExampleMap.ThirdPersonExampleMap:PersistentLevel.ThirdPersonExampleMap' with GeneratedClass '/Game/ThirdPersonBP/Maps/ThirdPersonExampleMap.ThirdPersonExampleMap_C' with ClassGeneratedBy '/Game/ThirdPersonBP/Maps/ThirdPersonExampleMap.ThirdPersonExampleMap:PersistentLevel.ThirdPersonExampleMap'
[2017.11.20-19.13.52:272][432]LogBlueprintUserMessages: Late EndPlayMap Detection: Level '/Game/ThirdPersonBP/Maps/ThirdPersonExampleMap.ThirdPersonExampleMap:PersistentLevel' has LevelScriptBlueprint '/Game/ThirdPersonBP/Maps/ThirdPersonExampleMap.ThirdPersonExampleMap:PersistentLevel.ThirdPersonExampleMap' with GeneratedClass '/Game/ThirdPersonBP/Maps/ThirdPersonExampleMap.ThirdPersonExampleMap_C' with ClassGeneratedBy '/Game/ThirdPersonBP/Maps/ThirdPersonExampleMap.ThirdPersonExampleMap:PersistentLevel.ThirdPersonExampleMap'
[2017.11.20-19.13.54:148][630]LogEditorViewport: Clicking on Actor (LMB): SpotLight (SpotLight3)
[2017.11.20-19.13.57:926][ 68]LogTemp: Repeating last play command: Selected Viewport
[2017.11.20-19.13.57:943][ 68]LogBlueprintUserMessages: Early PlayInEditor Detection: Level '/Game/ThirdPersonBP/Maps/ThirdPersonExampleMap.ThirdPersonExampleMap:PersistentLevel' has LevelScriptBlueprint '/Game/ThirdPersonBP/Maps/ThirdPersonExampleMap.ThirdPersonExampleMap:PersistentLevel.ThirdPersonExampleMap' with GeneratedClass '/Game/ThirdPersonBP/Maps/ThirdPersonExampleMap.ThirdPersonExampleMap_C' with ClassGeneratedBy '/Game/ThirdPersonBP/Maps/ThirdPersonExampleMap.ThirdPersonExampleMap:PersistentLevel.ThirdPersonExampleMap'
[2017.11.20-19.13.57:943][ 68]LogPlayLevel: PlayLevel: No blueprints needed recompiling
[2017.11.20-19.13.57:943][ 68]PIE: New page: PIE session: ThirdPersonExampleMap (Nov 20, 2017, 3:13:57 AM)
[2017.11.20-19.13.57:943][ 68]LogPlayLevel: Creating play world package: /Game/ThirdPersonBP/Maps/UEDPIE_0_ThirdPersonExampleMap
[2017.11.20-19.13.57:970][ 68]LogPlayLevel: PIE: StaticDuplicateObject took: (0.027432s)
[2017.11.20-19.13.57:971][ 68]LogAIModule: Creating AISystem for world ThirdPersonExampleMap
[2017.11.20-19.13.57:971][ 68]LogPlayLevel: PIE: World Init took: (0.000824s)
[2017.11.20-19.13.57:971][ 68]LogPlayLevel: PIE: Created PIE world by copying editor world from /Game/ThirdPersonBP/Maps/ThirdPersonExampleMap.ThirdPersonExampleMap to /Game/ThirdPersonBP/Maps/UEDPIE_0_ThirdPersonExampleMap.ThirdPersonExampleMap (0.028494s)
[2017.11.20-19.13.57:988][ 68]LogInit: XAudio2 using 'Headset Earphone (Corsair VOID RGB USB Gaming Headset )' : 2 channels at 48 kHz using 16 bits per sample (channel mask 0x3)
[2017.11.20-19.13.57:995][ 68]LogInit: FAudioDevice initialized.
[2017.11.20-19.13.58:027][ 68]LogLoad: Game class is 'ThirdPersonGameMode_C'
[2017.11.20-19.13.58:031][ 68]LogWorld: Bringing World /Game/ThirdPersonBP/Maps/UEDPIE_0_ThirdPersonExampleMap.ThirdPersonExampleMap up for play (max tick rate 0) at 2017.11.20-11.13.58
[2017.11.20-19.13.58:032][ 68]LogWorld: Bringing up level for play took: 0.004149
[2017.11.20-19.13.58:033][ 68]PIE: Play in editor start time for /Game/ThirdPersonBP/Maps/UEDPIE_0_ThirdPersonExampleMap -0.028
[2017.11.20-19.13.58:033][ 68]LogBlueprintUserMessages: Late PlayInEditor Detection: Level '/Game/ThirdPersonBP/Maps/ThirdPersonExampleMap.ThirdPersonExampleMap:PersistentLevel' has LevelScriptBlueprint '/Game/ThirdPersonBP/Maps/ThirdPersonExampleMap.ThirdPersonExampleMap:PersistentLevel.ThirdPersonExampleMap' with GeneratedClass '/Game/ThirdPersonBP/Maps/ThirdPersonExampleMap.ThirdPersonExampleMap_C' with ClassGeneratedBy '/Game/ThirdPersonBP/Maps/ThirdPersonExampleMap.ThirdPersonExampleMap:PersistentLevel.ThirdPersonExampleMap'
[2017.11.20-19.14.00:723][385]LogBlueprintUserMessages: Early EndPlayMap Detection: Level '/Game/ThirdPersonBP/Maps/ThirdPersonExampleMap.ThirdPersonExampleMap:PersistentLevel' has LevelScriptBlueprint '/Game/ThirdPersonBP/Maps/ThirdPersonExampleMap.ThirdPersonExampleMap:PersistentLevel.ThirdPersonExampleMap' with GeneratedClass '/Game/ThirdPersonBP/Maps/ThirdPersonExampleMap.ThirdPersonExampleMap_C' with ClassGeneratedBy '/Game/ThirdPersonBP/Maps/ThirdPersonExampleMap.ThirdPersonExampleMap:PersistentLevel.ThirdPersonExampleMap'
[2017.11.20-19.14.00:764][385]LogBlueprintUserMessages: Late EndPlayMap Detection: Level '/Game/ThirdPersonBP/Maps/ThirdPersonExampleMap.ThirdPersonExampleMap:PersistentLevel' has LevelScriptBlueprint '/Game/ThirdPersonBP/Maps/ThirdPersonExampleMap.ThirdPersonExampleMap:PersistentLevel.ThirdPersonExampleMap' with GeneratedClass '/Game/ThirdPersonBP/Maps/ThirdPersonExampleMap.ThirdPersonExampleMap_C' with ClassGeneratedBy '/Game/ThirdPersonBP/Maps/ThirdPersonExampleMap.ThirdPersonExampleMap:PersistentLevel.ThirdPersonExampleMap'
[2017.11.20-19.14.02:925][620]MapCheck: New page: Map Check
[2017.11.20-19.14.02:935][620]Cmd: MAP REBUILD ALLVISIBLE
[2017.11.20-19.14.02:937][620]LogEditorServer: Rebuildmap Clear paths rebuilt
[2017.11.20-19.14.03:240][620]LogEditorServer: Cleared 3 NULL BSP materials after rebuild.
[2017.11.20-19.14.03:240][620]LightingResults: New page: Lighting Build - Nov 20, 2017, 3:14:03 AM
[2017.11.20-19.14.03:359][620]LogSwarmInterface: [OpenConnection] Registering TCP channel ...
[2017.11.20-19.14.03:564][620]LogSwarmInterface: [OpenConnection] Connecting to agent ...
[2017.11.20-19.14.03:577][620]LogSwarmInterface: [TryOpenConnection] Testing the Agent
[2017.11.20-19.14.04:135][620]LogSwarmInterface: [TryOpenConnection] Opening Connection to Agent
[2017.11.20-19.14.04:135][620]LogSwarmInterface: [TryOpenConnection] Local Process ID is 14752
[2017.11.20-19.14.06:550][620]LogStaticLightingSystem: Running Lightmass w/ ImmediateImport mode ENABLED
[2017.11.20-19.14.06:550][620]LogStaticLightingSystem: Running Lightmass w/ ImmediateProcess mode ENABLED
[2017.11.20-19.14.06:550][620]LogStaticLightingSystem: Running Lightmass w/ Sorting mode ENABLED
[2017.11.20-19.14.06:550][620]LogStaticLightingSystem: Running Lightmass w/ Mapping paddings ENABLED
[2017.11.20-19.14.06:550][620]LogStaticLightingSystem: Running Lightmass w/ Mapping debug paddings DISABLED
[2017.11.20-19.14.06:757][620]LogEditorBuildUtils: Build time 0:03
[2017.11.20-19.14.06:763][620]LogMaterial: Missing cached shader map for material FLightmassMaterialRenderer MaterialInstanceDynamic_1, compiling. 
[2017.11.20-19.14.06:770][620]LogMaterial: Missing cached shader map for material FLightmassMaterialRenderer MaterialInstanceDynamic_1, compiling. 
[2017.11.20-19.14.06:794][621]LogMaterial: Missing cached shader map for material FLightmassMaterialRenderer CubeMaterial, compiling. 
[2017.11.20-19.14.06:800][621]LogMaterial: Missing cached shader map for material FLightmassMaterialRenderer CubeMaterial, compiling. 
[2017.11.20-19.14.06:898][622]LogMaterial: Missing cached shader map for material FLightmassMaterialRenderer BasicShapeMaterial, compiling. 
[2017.11.20-19.14.06:903][622]LogMaterial: Missing cached shader map for material FLightmassMaterialRenderer BasicShapeMaterial, compiling. 
[2017.11.20-19.14.06:907][622]LogMaterial: Missing cached shader map for material FLightmassMaterialRenderer Floor3, compiling. 
[2017.11.20-19.14.06:913][622]LogMaterial: Missing cached shader map for material FLightmassMaterialRenderer Floor3, compiling. 
[2017.11.20-19.14.06:935][623]LogMaterial: Missing cached shader map for material FLightmassMaterialRenderer Floor2, compiling. 
[2017.11.20-19.14.06:940][623]LogMaterial: Missing cached shader map for material FLightmassMaterialRenderer Floor2, compiling. 
[2017.11.20-19.14.06:982][624]LogMaterial: Missing cached shader map for material FLightmassMaterialRenderer Floor1, compiling. 
[2017.11.20-19.14.06:987][624]LogMaterial: Missing cached shader map for material FLightmassMaterialRenderer Floor1, compiling. 
[2017.11.20-19.14.06:991][624]LogMaterial: Missing cached shader map for material FLightmassMaterialRenderer BasicShapeMaterial, compiling. 
[2017.11.20-19.14.06:996][624]LogMaterial: Missing cached shader map for material FLightmassMaterialRenderer BasicShapeMaterial, compiling. 
[2017.11.20-19.14.07:019][625]LogMaterial: Missing cached shader map for material FLightmassMaterialRenderer East, compiling. 
[2017.11.20-19.14.07:026][625]LogMaterial: Missing cached shader map for material FLightmassMaterialRenderer East, compiling. 
[2017.11.20-19.14.07:045][626]LogMaterial: Missing cached shader map for material FLightmassMaterialRenderer West, compiling. 
[2017.11.20-19.14.07:052][626]LogMaterial: Missing cached shader map for material FLightmassMaterialRenderer West, compiling. 
[2017.11.20-19.14.07:070][627]LogMaterial: Missing cached shader map for material FLightmassMaterialRenderer North, compiling. 
[2017.11.20-19.14.07:076][627]LogMaterial: Missing cached shader map for material FLightmassMaterialRenderer North, compiling. 
[2017.11.20-19.14.07:091][628]LogMaterial: Missing cached shader map for material FLightmassMaterialRenderer South, compiling. 
[2017.11.20-19.14.07:095][628]LogMaterial: Missing cached shader map for material FLightmassMaterialRenderer South, compiling. 
[2017.11.20-19.14.07:100][628]LogMaterial: Missing cached shader map for material FLightmassMaterialRenderer LightOff, compiling. 
[2017.11.20-19.14.07:104][628]LogMaterial: Missing cached shader map for material FLightmassMaterialRenderer LightOff, compiling. 
[2017.11.20-19.14.07:118][629]LogMaterial: Missing cached shader map for material FLightmassMaterialRenderer LightOn_2, compiling. 
[2017.11.20-19.14.07:123][629]LogMaterial: Missing cached shader map for material FLightmassMaterialRenderer LightOn_2, compiling. 
[2017.11.20-19.14.07:129][629]LogMaterial: Missing cached shader map for material FLightmassMaterialRenderer WorldGridMaterial, compiling. Is special engine material.
[2017.11.20-19.14.07:135][629]LogMaterial: Missing cached shader map for material FLightmassMaterialRenderer WorldGridMaterial, compiling. Is special engine material.
[2017.11.20-19.14.07:148][630]LogMaterial: Missing cached shader map for material FLightmassMaterialRenderer M_Glass, compiling. 
[2017.11.20-19.14.07:153][630]LogMaterial: Missing cached shader map for material FLightmassMaterialRenderer M_Glass, compiling. 
[2017.11.20-19.14.17:097][183]Job is a success!
[2017.11.20-19.14.17:119][184]LogSlate: Took 0.000112 seconds to synchronously load lazily loaded font '../../../Engine/Content/Slate/Fonts/Roboto-Light.ttf' (159K)
[2017.11.20-19.14.17:693][184]LogTexture: Display: Building textures: SkyOcclusion1_1 (AutoDXT, 1024X512)
[2017.11.20-19.14.17:693][184]LogTexture: Display: Building textures: HQ_Lightmap1_1 (AutoDXT, 1024X1024)
[2017.11.20-19.14.17:693][184]LogTexture: Display: Building textures: LQ_Lightmap_1_1 (DXT1, 1024X1024)
[2017.11.20-19.14.17:693][184]LogTexture: Display: Building textures: SkyOcclusion1_2 (AutoDXT, 1024X512)
[2017.11.20-19.14.17:694][184]LogTexture: Display: Building textures: HQ_Lightmap1_2 (AutoDXT, 1024X1024)
[2017.11.20-19.14.17:694][184]LogTexture: Display: Building textures: LQ_Lightmap_1_2 (DXT1, 1024X1024)
[2017.11.20-19.14.17:694][184]LogTexture: Display: Building textures: SkyOcclusion1_3 (AutoDXT, 64X32)
[2017.11.20-19.14.17:694][184]LogTexture: Display: Building textures: HQ_Lightmap1_3 (AutoDXT, 64X64)
[2017.11.20-19.14.17:694][184]LogTexture: Display: Building textures: LQ_Lightmap_1_3 (DXT1, 64X64)
[2017.11.20-19.14.17:819][184]LogTexture: Display: Building textures: ShadowMapTexture2D_2 (G8, 32X32)
[2017.11.20-19.14.17:819][184]LogTexture: Display: Building textures: ShadowMapTexture2D_1 (BGRA8, 512X512)
[2017.11.20-19.14.17:819][184]LogTexture: Display: Building textures: ShadowMapTexture2D_0 (BGRA8, 1024X512)
[2017.11.20-19.14.17:871][184]Lightmass on NM2-705-06GAM: 6.37 sec total, 118 ms importing, 27 ms setup, 1.49 sec photons, 4.38 sec processing, 0 ms extra exporting [442/442 mappings]. Threads: 30.5 sec total, 8.34 sec processing.
[2017.11.20-19.14.17:901][184]LogStaticLightingSystem: Illumination: 14.6 sec (459 ms encoding lightmaps, 119 ms encoding shadowmaps)
[2017.11.20-19.14.17:901][184]LogStaticLightingSystem: Lightmap texture memory:  5.3 MB (2.7 MB streaming, 2.7 MB non-streaming), 6 textures
[2017.11.20-19.14.17:901][184]LogStaticLightingSystem: Shadowmap texture memory: 4.0 MB (2.7 MB streaming, 1.3 MB non-streaming), 3 textures
[2017.11.20-19.14.18:553][184]DumpUnbuiltLightIteractions
[2017.11.20-19.14.18:553][184]Lights with unbuilt interactions: 0
[2017.11.20-19.14.18:553][184]
[2017.11.20-19.14.18:553][184]Primitives with unbuilt interactions: 0
[2017.11.20-19.14.18:562][185]Cmd: MAP CHECK NOTIFYRESULTS
[2017.11.20-19.14.18:562][185]MapCheck: New page: ThirdPersonExampleMap - Nov 20, 2017, 3:14:18 AM
[2017.11.20-19.14.19:960][185]MapCheck: Map check complete: 0 Error(s), 0 Warning(s), took 1,398.763ms to complete.
[2017.11.20-19.14.30:980][220]LogEditorViewport: Clicking on Actor (context menu): SpotLight (SpotLight3)
[2017.11.20-19.14.32:480][368]LogTemp: Repeating last play command: Selected Viewport
[2017.11.20-19.14.32:496][368]LogBlueprintUserMessages: Early PlayInEditor Detection: Level '/Game/ThirdPersonBP/Maps/ThirdPersonExampleMap.ThirdPersonExampleMap:PersistentLevel' has LevelScriptBlueprint '/Game/ThirdPersonBP/Maps/ThirdPersonExampleMap.ThirdPersonExampleMap:PersistentLevel.ThirdPersonExampleMap' with GeneratedClass '/Game/ThirdPersonBP/Maps/ThirdPersonExampleMap.ThirdPersonExampleMap_C' with ClassGeneratedBy '/Game/ThirdPersonBP/Maps/ThirdPersonExampleMap.ThirdPersonExampleMap:PersistentLevel.ThirdPersonExampleMap'
[2017.11.20-19.14.32:496][368]LogPlayLevel: PlayLevel: No blueprints needed recompiling
[2017.11.20-19.14.32:496][368]PIE: New page: PIE session: ThirdPersonExampleMap (Nov 20, 2017, 3:14:32 AM)
[2017.11.20-19.14.32:496][368]LogPlayLevel: Creating play world package: /Game/ThirdPersonBP/Maps/UEDPIE_0_ThirdPersonExampleMap
[2017.11.20-19.14.32:519][368]LogPlayLevel: PIE: StaticDuplicateObject took: (0.023283s)
[2017.11.20-19.14.32:520][368]LogAIModule: Creating AISystem for world ThirdPersonExampleMap
[2017.11.20-19.14.32:520][368]LogPlayLevel: PIE: World Init took: (0.000899s)
[2017.11.20-19.14.32:520][368]LogPlayLevel: PIE: Created PIE world by copying editor world from /Game/ThirdPersonBP/Maps/ThirdPersonExampleMap.ThirdPersonExampleMap to /Game/ThirdPersonBP/Maps/UEDPIE_0_ThirdPersonExampleMap.ThirdPersonExampleMap (0.024487s)
[2017.11.20-19.14.32:536][368]LogInit: XAudio2 using 'Headset Earphone (Corsair VOID RGB USB Gaming Headset )' : 2 channels at 48 kHz using 16 bits per sample (channel mask 0x3)
[2017.11.20-19.14.32:542][368]LogInit: FAudioDevice initialized.
[2017.11.20-19.14.32:576][368]LogLoad: Game class is 'ThirdPersonGameMode_C'
[2017.11.20-19.14.32:580][368]LogWorld: Bringing World /Game/ThirdPersonBP/Maps/UEDPIE_0_ThirdPersonExampleMap.ThirdPersonExampleMap up for play (max tick rate 0) at 2017.11.20-11.14.32
[2017.11.20-19.14.32:581][368]LogWorld: Bringing up level for play took: 0.004143
[2017.11.20-19.14.32:582][368]PIE: Play in editor start time for /Game/ThirdPersonBP/Maps/UEDPIE_0_ThirdPersonExampleMap 0.521
[2017.11.20-19.14.32:588][368]LogBlueprintUserMessages: Late PlayInEditor Detection: Level '/Game/ThirdPersonBP/Maps/ThirdPersonExampleMap.ThirdPersonExampleMap:PersistentLevel' has LevelScriptBlueprint '/Game/ThirdPersonBP/Maps/ThirdPersonExampleMap.ThirdPersonExampleMap:PersistentLevel.ThirdPersonExampleMap' with GeneratedClass '/Game/ThirdPersonBP/Maps/ThirdPersonExampleMap.ThirdPersonExampleMap_C' with ClassGeneratedBy '/Game/ThirdPersonBP/Maps/ThirdPersonExampleMap.ThirdPersonExampleMap:PersistentLevel.ThirdPersonExampleMap'
[2017.11.20-19.15.04:653][206]LogBlueprintUserMessages: Early EndPlayMap Detection: Level '/Game/ThirdPersonBP/Maps/ThirdPersonExampleMap.ThirdPersonExampleMap:PersistentLevel' has LevelScriptBlueprint '/Game/ThirdPersonBP/Maps/ThirdPersonExampleMap.ThirdPersonExampleMap:PersistentLevel.ThirdPersonExampleMap' with GeneratedClass '/Game/ThirdPersonBP/Maps/ThirdPersonExampleMap.ThirdPersonExampleMap_C' with ClassGeneratedBy '/Game/ThirdPersonBP/Maps/ThirdPersonExampleMap.ThirdPersonExampleMap:PersistentLevel.ThirdPersonExampleMap'
[2017.11.20-19.15.04:693][206]LogBlueprintUserMessages: Late EndPlayMap Detection: Level '/Game/ThirdPersonBP/Maps/ThirdPersonExampleMap.ThirdPersonExampleMap:PersistentLevel' has LevelScriptBlueprint '/Game/ThirdPersonBP/Maps/ThirdPersonExampleMap.ThirdPersonExampleMap:PersistentLevel.ThirdPersonExampleMap' with GeneratedClass '/Game/ThirdPersonBP/Maps/ThirdPersonExampleMap.ThirdPersonExampleMap_C' with ClassGeneratedBy '/Game/ThirdPersonBP/Maps/ThirdPersonExampleMap.ThirdPersonExampleMap:PersistentLevel.ThirdPersonExampleMap'
[2017.11.20-19.15.14:696][326]LogContentBrowser: Native class hierarchy updated for 'BlueprintGraph' in 0.0008 seconds. Added 113 classes and 0 folders.
[2017.11.20-19.15.15:268][326]LogSlate: Took 0.003035 seconds to synchronously load lazily loaded font '../../../Engine/Content/Slate/Fonts/Roboto-Regular.ttf' (155K)
[2017.11.20-19.15.15:341][326]LogSlate: Took 0.003428 seconds to synchronously load lazily loaded font '../../../Engine/Content/Editor/Slate/Fonts/Roboto-BoldCondensed.ttf' (158K)
[2017.11.20-19.15.59:476][ 73]BlueprintLog: New page: Compile PictureBase_1_Blueprint
[2017.11.20-19.16.00:377][107]LogTemp: Repeating last play command: Selected Viewport
[2017.11.20-19.16.00:404][107]LogBlueprintUserMessages: Early PlayInEditor Detection: Level '/Game/ThirdPersonBP/Maps/ThirdPersonExampleMap.ThirdPersonExampleMap:PersistentLevel' has LevelScriptBlueprint '/Game/ThirdPersonBP/Maps/ThirdPersonExampleMap.ThirdPersonExampleMap:PersistentLevel.ThirdPersonExampleMap' with GeneratedClass '/Game/ThirdPersonBP/Maps/ThirdPersonExampleMap.ThirdPersonExampleMap_C' with ClassGeneratedBy '/Game/ThirdPersonBP/Maps/ThirdPersonExampleMap.ThirdPersonExampleMap:PersistentLevel.ThirdPersonExampleMap'
[2017.11.20-19.16.00:404][107]LogPlayLevel: PlayLevel: No blueprints needed recompiling
[2017.11.20-19.16.00:404][107]PIE: New page: PIE session: ThirdPersonExampleMap (Nov 20, 2017, 3:16:00 AM)
[2017.11.20-19.16.00:404][107]LogPlayLevel: Creating play world package: /Game/ThirdPersonBP/Maps/UEDPIE_0_ThirdPersonExampleMap
[2017.11.20-19.16.00:430][107]LogPlayLevel: PIE: StaticDuplicateObject took: (0.025935s)
[2017.11.20-19.16.00:431][107]LogAIModule: Creating AISystem for world ThirdPersonExampleMap
[2017.11.20-19.16.00:431][107]LogPlayLevel: PIE: World Init took: (0.000610s)
[2017.11.20-19.16.00:431][107]LogPlayLevel: PIE: Created PIE world by copying editor world from /Game/ThirdPersonBP/Maps/ThirdPersonExampleMap.ThirdPersonExampleMap to /Game/ThirdPersonBP/Maps/UEDPIE_0_ThirdPersonExampleMap.ThirdPersonExampleMap (0.026782s)
[2017.11.20-19.16.00:451][107]LogInit: XAudio2 using 'Headset Earphone (Corsair VOID RGB USB Gaming Headset )' : 2 channels at 48 kHz using 16 bits per sample (channel mask 0x3)
[2017.11.20-19.16.00:458][107]LogInit: FAudioDevice initialized.
[2017.11.20-19.16.00:494][107]LogLoad: Game class is 'ThirdPersonGameMode_C'
[2017.11.20-19.16.00:498][107]LogWorld: Bringing World /Game/ThirdPersonBP/Maps/UEDPIE_0_ThirdPersonExampleMap.ThirdPersonExampleMap up for play (max tick rate 0) at 2017.11.20-11.16.00
[2017.11.20-19.16.00:498][107]LogWorld: Bringing up level for play took: 0.004080
[2017.11.20-19.16.00:499][107]PIE: Play in editor start time for /Game/ThirdPersonBP/Maps/UEDPIE_0_ThirdPersonExampleMap 0.439
[2017.11.20-19.16.00:499][107]LogBlueprintUserMessages: Late PlayInEditor Detection: Level '/Game/ThirdPersonBP/Maps/ThirdPersonExampleMap.ThirdPersonExampleMap:PersistentLevel' has LevelScriptBlueprint '/Game/ThirdPersonBP/Maps/ThirdPersonExampleMap.ThirdPersonExampleMap:PersistentLevel.ThirdPersonExampleMap' with GeneratedClass '/Game/ThirdPersonBP/Maps/ThirdPersonExampleMap.ThirdPersonExampleMap_C' with ClassGeneratedBy '/Game/ThirdPersonBP/Maps/ThirdPersonExampleMap.ThirdPersonExampleMap:PersistentLevel.ThirdPersonExampleMap'
[2017.11.20-19.16.05:680][674]LogBlueprintUserMessages: Early EndPlayMap Detection: Level '/Game/ThirdPersonBP/Maps/ThirdPersonExampleMap.ThirdPersonExampleMap:PersistentLevel' has LevelScriptBlueprint '/Game/ThirdPersonBP/Maps/ThirdPersonExampleMap.ThirdPersonExampleMap:PersistentLevel.ThirdPersonExampleMap' with GeneratedClass '/Game/ThirdPersonBP/Maps/ThirdPersonExampleMap.ThirdPersonExampleMap_C' with ClassGeneratedBy '/Game/ThirdPersonBP/Maps/ThirdPersonExampleMap.ThirdPersonExampleMap:PersistentLevel.ThirdPersonExampleMap'
[2017.11.20-19.16.05:721][674]LogBlueprintUserMessages: Late EndPlayMap Detection: Level '/Game/ThirdPersonBP/Maps/ThirdPersonExampleMap.ThirdPersonExampleMap:PersistentLevel' has LevelScriptBlueprint '/Game/ThirdPersonBP/Maps/ThirdPersonExampleMap.ThirdPersonExampleMap:PersistentLevel.ThirdPersonExampleMap' with GeneratedClass '/Game/ThirdPersonBP/Maps/ThirdPersonExampleMap.ThirdPersonExampleMap_C' with ClassGeneratedBy '/Game/ThirdPersonBP/Maps/ThirdPersonExampleMap.ThirdPersonExampleMap:PersistentLevel.ThirdPersonExampleMap'
[2017.11.20-19.16.08:147][897]LogTemp: Repeating last play command: Selected Viewport
[2017.11.20-19.16.08:164][897]LogBlueprintUserMessages: Early PlayInEditor Detection: Level '/Game/ThirdPersonBP/Maps/ThirdPersonExampleMap.ThirdPersonExampleMap:PersistentLevel' has LevelScriptBlueprint '/Game/ThirdPersonBP/Maps/ThirdPersonExampleMap.ThirdPersonExampleMap:PersistentLevel.ThirdPersonExampleMap' with GeneratedClass '/Game/ThirdPersonBP/Maps/ThirdPersonExampleMap.ThirdPersonExampleMap_C' with ClassGeneratedBy '/Game/ThirdPersonBP/Maps/ThirdPersonExampleMap.ThirdPersonExampleMap:PersistentLevel.ThirdPersonExampleMap'
[2017.11.20-19.16.08:164][897]LogPlayLevel: PlayLevel: No blueprints needed recompiling
[2017.11.20-19.16.08:164][897]PIE: New page: PIE session: ThirdPersonExampleMap (Nov 20, 2017, 3:16:08 AM)
[2017.11.20-19.16.08:164][897]LogPlayLevel: Creating play world package: /Game/ThirdPersonBP/Maps/UEDPIE_0_ThirdPersonExampleMap
[2017.11.20-19.16.08:192][897]LogPlayLevel: PIE: StaticDuplicateObject took: (0.027784s)
[2017.11.20-19.16.08:193][897]LogAIModule: Creating AISystem for world ThirdPersonExampleMap
[2017.11.20-19.16.08:193][897]LogPlayLevel: PIE: World Init took: (0.001050s)
[2017.11.20-19.16.08:194][897]LogPlayLevel: PIE: Created PIE world by copying editor world from /Game/ThirdPersonBP/Maps/ThirdPersonExampleMap.ThirdPersonExampleMap to /Game/ThirdPersonBP/Maps/UEDPIE_0_ThirdPersonExampleMap.ThirdPersonExampleMap (0.029253s)
[2017.11.20-19.16.08:216][897]LogInit: XAudio2 using 'Headset Earphone (Corsair VOID RGB USB Gaming Headset )' : 2 channels at 48 kHz using 16 bits per sample (channel mask 0x3)
[2017.11.20-19.16.08:224][897]LogInit: FAudioDevice initialized.
[2017.11.20-19.16.08:257][897]LogLoad: Game class is 'ThirdPersonGameMode_C'
[2017.11.20-19.16.08:261][897]LogWorld: Bringing World /Game/ThirdPersonBP/Maps/UEDPIE_0_ThirdPersonExampleMap.ThirdPersonExampleMap up for play (max tick rate 0) at 2017.11.20-11.16.08
[2017.11.20-19.16.08:261][897]LogWorld: Bringing up level for play took: 0.004068
[2017.11.20-19.16.08:262][897]PIE: Play in editor start time for /Game/ThirdPersonBP/Maps/UEDPIE_0_ThirdPersonExampleMap 0.202
[2017.11.20-19.16.08:262][897]LogBlueprintUserMessages: Late PlayInEditor Detection: Level '/Game/ThirdPersonBP/Maps/ThirdPersonExampleMap.ThirdPersonExampleMap:PersistentLevel' has LevelScriptBlueprint '/Game/ThirdPersonBP/Maps/ThirdPersonExampleMap.ThirdPersonExampleMap:PersistentLevel.ThirdPersonExampleMap' with GeneratedClass '/Game/ThirdPersonBP/Maps/ThirdPersonExampleMap.ThirdPersonExampleMap_C' with ClassGeneratedBy '/Game/ThirdPersonBP/Maps/ThirdPersonExampleMap.ThirdPersonExampleMap:PersistentLevel.ThirdPersonExampleMap'
[2017.11.20-19.16.29:948][255]LogNet: Browse: /Game/ThirdPersonBP/Maps/Level_2
[2017.11.20-19.16.29:948][255]LogLoad: LoadMap: /Game/ThirdPersonBP/Maps/Level_2
[2017.11.20-19.16.29:964][255]Cmd: MEM
[2017.11.20-19.16.29:976][255]LogMemory: Platform Memory Stats for Windows
[2017.11.20-19.16.29:976][255]LogMemory: Process Physical Memory: 1716.74 MB used, 1734.11 MB peak
[2017.11.20-19.16.29:976][255]LogMemory: Process Virtual Memory: 2732.15 MB used, 2911.47 MB peak
[2017.11.20-19.16.29:976][255]LogMemory: Physical Memory: 6724.09 MB used,  58711.43 MB free, 65435.52 MB total
[2017.11.20-19.16.29:976][255]LogMemory: Virtual Memory: 4205.18 MB used,  58711.43 MB free, 134217728.00 MB total
[2017.11.20-19.16.29:976][255]LogMemory: 
[2017.11.20-19.16.29:976][255]Allocator Stats for TBB: (not implemented)
[2017.11.20-19.16.30:418][255]LogTexture: Display: Building textures: HQ_Lightmap0_3 (AutoDXT, 64X64)
[2017.11.20-19.16.30:418][255]LogTexture: Display: Building textures: LQ_Lightmap_0_3 (DXT1, 64X64)
[2017.11.20-19.16.30:418][255]LogTexture: Display: Building textures: SkyOcclusion0_1 (AutoDXT, 1024X512)
[2017.11.20-19.16.30:418][255]LogTexture: Display: Building textures: SkyOcclusion0_2 (AutoDXT, 1024X512)
[2017.11.20-19.16.30:418][255]LogTexture: Display: Building textures: LQ_Lightmap_0_2 (DXT1, 1024X1024)
[2017.11.20-19.16.30:418][255]LogTexture: Display: Building textures: HQ_Lightmap0_2 (AutoDXT, 1024X1024)
[2017.11.20-19.16.30:418][255]LogTexture: Display: Building textures: LQ_Lightmap_0_1 (DXT1, 1024X1024)
[2017.11.20-19.16.30:418][255]LogTexture: Display: Building textures: HQ_Lightmap0_1 (AutoDXT, 1024X1024)
[2017.11.20-19.16.30:418][255]LogTexture: Display: Building textures: SkyOcclusion0_3 (AutoDXT, 64X32)
[2017.11.20-19.16.30:418][255]LogTexture: Display: Building textures: ShadowMapTexture2D_0 (BGRA8, 1024X512)
[2017.11.20-19.16.30:418][255]LogTexture: Display: Building textures: ShadowMapTexture2D_1 (BGRA8, 512X512)
[2017.11.20-19.16.30:418][255]LogTexture: Display: Building textures: ShadowMapTexture2D_2 (BGRA8, 32X32)
[2017.11.20-19.16.30:817][255]LogAIModule: Creating AISystem for world Level_2
[2017.11.20-19.16.30:817][255]LogLoad: Game class is 'ThirdPersonGameMode_C'
[2017.11.20-19.16.30:830][255]LogWorld: Bringing World /Game/ThirdPersonBP/Maps/UEDPIE_0_Level_2.Level_2 up for play (max tick rate 0) at 2017.11.20-11.16.30
[2017.11.20-19.16.30:831][255]LogWorld: Bringing up level for play took: 0.012786
[2017.11.20-19.16.30:831][255]LogGameMode: FindPlayerStart: PATHS NOT DEFINED or NO PLAYERSTART with positive rating
[2017.11.20-19.16.30:832][255]LogLoad: Took 0.883540 seconds to LoadMap(/Game/ThirdPersonBP/Maps/Level_2)
[2017.11.20-19.16.41:093][348]LogBlueprintUserMessages: Early EndPlayMap Detection: Level '/Game/ThirdPersonBP/Maps/ThirdPersonExampleMap.ThirdPersonExampleMap:PersistentLevel' has LevelScriptBlueprint '/Game/ThirdPersonBP/Maps/ThirdPersonExampleMap.ThirdPersonExampleMap:PersistentLevel.ThirdPersonExampleMap' with GeneratedClass '/Game/ThirdPersonBP/Maps/ThirdPersonExampleMap.ThirdPersonExampleMap_C' with ClassGeneratedBy '/Game/ThirdPersonBP/Maps/ThirdPersonExampleMap.ThirdPersonExampleMap:PersistentLevel.ThirdPersonExampleMap'
[2017.11.20-19.16.41:137][348]LogBlueprintUserMessages: Late EndPlayMap Detection: Level '/Game/ThirdPersonBP/Maps/ThirdPersonExampleMap.ThirdPersonExampleMap:PersistentLevel' has LevelScriptBlueprint '/Game/ThirdPersonBP/Maps/ThirdPersonExampleMap.ThirdPersonExampleMap:PersistentLevel.ThirdPersonExampleMap' with GeneratedClass '/Game/ThirdPersonBP/Maps/ThirdPersonExampleMap.ThirdPersonExampleMap_C' with ClassGeneratedBy '/Game/ThirdPersonBP/Maps/ThirdPersonExampleMap.ThirdPersonExampleMap:PersistentLevel.ThirdPersonExampleMap'
[2017.11.20-19.16.55:363][589]LogMetaData: Removing '/Game/BluePrint/PictureBase_1_Blueprint_Level2.SKEL_PictureBase_1_Blueprint_Level2_C' ref from Metadata '/Game/BluePrint/PictureBase_1_Blueprint_2.PackageMetaData'
[2017.11.20-19.16.55:363][589]LogMetaData: Removing '/Game/BluePrint/PictureBase_1_Blueprint_Level2.PictureBase_1_Blueprint_Level2_C' ref from Metadata '/Game/BluePrint/PictureBase_1_Blueprint_2.PackageMetaData'
[2017.11.20-19.16.55:395][589]Cmd: OBJ SAVEPACKAGE PACKAGE="/Game/BluePrint/PictureBase_1_Blueprint_Level2" FILE="D:/Users/yshao3/Documents/GitHub/RoomMatch3/Content/BluePrint/PictureBase_1_Blueprint_Level2.uasset" SILENT=true
[2017.11.20-19.16.55:429][589]LogSavePackage: Save=31.61ms
[2017.11.20-19.16.55:429][589]LogSavePackage: Moving 'D:/Users/yshao3/Documents/GitHub/RoomMatch3/Saved/PictureBase_1_Blueprint_Level2C700CCE949391F0223EFFFA82F1621D7.tmp' to 'D:/Users/yshao3/Documents/GitHub/RoomMatch3/Content/BluePrint/PictureBase_1_Blueprint_Level2.uasset'
[2017.11.20-19.16.55:433][589]LogSavePackage: Display: Finished SavePackage D:/Users/yshao3/Documents/GitHub/RoomMatch3/Content/BluePrint/PictureBase_1_Blueprint_Level2.uasset
[2017.11.20-19.17.03:660][264]LogMetaData: Removing '/Game/BluePrint/PictureBase_1_Blueprint_Level1.PictureBase_1_Blueprint_Level1_C' ref from Metadata '/Game/BluePrint/PictureBase_1_Blueprint.PackageMetaData'
[2017.11.20-19.17.03:660][264]LogMetaData: Removing '/Game/BluePrint/PictureBase_1_Blueprint_Level1.PictureBase_1_Blueprint_Level1:UserConstructionScript.K2Node_FunctionEntry_0' ref from Metadata '/Game/BluePrint/PictureBase_1_Blueprint.PackageMetaData'
[2017.11.20-19.17.03:660][264]LogMetaData: Removing '/Game/BluePrint/PictureBase_1_Blueprint_Level1.SKEL_PictureBase_1_Blueprint_Level1_C' ref from Metadata '/Game/BluePrint/PictureBase_1_Blueprint.PackageMetaData'
[2017.11.20-19.17.03:711][264]Cmd: OBJ SAVEPACKAGE PACKAGE="/Game/BluePrint/PictureBase_1_Blueprint_Level1" FILE="D:/Users/yshao3/Documents/GitHub/RoomMatch3/Content/BluePrint/PictureBase_1_Blueprint_Level1.uasset" SILENT=true
[2017.11.20-19.17.03:746][264]LogSavePackage: Save=33.49ms
[2017.11.20-19.17.03:746][264]LogSavePackage: Moving 'D:/Users/yshao3/Documents/GitHub/RoomMatch3/Saved/PictureBase_1_Blueprint_Level139BA37CB49628F76DA8B88A5190F6330.tmp' to 'D:/Users/yshao3/Documents/GitHub/RoomMatch3/Content/BluePrint/PictureBase_1_Blueprint_Level1.uasset'
[2017.11.20-19.17.03:748][264]LogSavePackage: Display: Finished SavePackage D:/Users/yshao3/Documents/GitHub/RoomMatch3/Content/BluePrint/PictureBase_1_Blueprint_Level1.uasset
[2017.11.20-19.17.03:751][264]Cmd: OBJ SAVEPACKAGE PACKAGE="/Game/BluePrint/PictureBase_1_Blueprint" FILE="D:/Users/yshao3/Documents/GitHub/RoomMatch3/Content/BluePrint/PictureBase_1_Blueprint.uasset" SILENT=true
[2017.11.20-19.17.03:791][264]LogSavePackage: Save=4.04ms
[2017.11.20-19.17.03:791][264]LogSavePackage: Moving 'D:/Users/yshao3/Documents/GitHub/RoomMatch3/Saved/PictureBase_1_Blueprint8AC206F34839EE44E9D62FB6444121AB.tmp' to 'D:/Users/yshao3/Documents/GitHub/RoomMatch3/Content/BluePrint/PictureBase_1_Blueprint.uasset'
[2017.11.20-19.17.03:793][264]LogSavePackage: Display: Finished SavePackage D:/Users/yshao3/Documents/GitHub/RoomMatch3/Content/BluePrint/PictureBase_1_Blueprint.uasset
[2017.11.20-19.17.18:757][491]LogProperty: Warning: Serialized Class /Script/CoreUObject.LinkerPlaceholderExportObject for a property of BlueprintGeneratedClass /Game/BluePrint/PictureBase_1_Blueprint_Level1.PictureBase_1_Blueprint_Level1_C. Reference will be nullptred.
    Property = ObjectProperty /Game/ThirdPersonBP/Maps/Level_2.Level_2_C:PictureBase_Blueprint2_ExecuteUbergraph_Level_2_RefProperty
    Item = LinkerPlaceholderExportObject /Game/ThirdPersonBP/Maps/Level_2.PLACEHOLDER-INST_of_PictureBase_1_Blueprint_Level1_C_0
[2017.11.20-19.17.18:757][491]LogProperty: Warning: Serialized Class /Script/CoreUObject.LinkerPlaceholderExportObject for a property of BlueprintGeneratedClass /Game/BluePrint/PictureBase_1_Blueprint_Level1.PictureBase_1_Blueprint_Level1_C. Reference will be nullptred.
    Property = ObjectProperty /Game/ThirdPersonBP/Maps/Level_2.Level_2_C:PictureBase_Blueprint3_ExecuteUbergraph_Level_2_RefProperty
    Item = LinkerPlaceholderExportObject /Game/ThirdPersonBP/Maps/Level_2.PLACEHOLDER-INST_of_PictureBase_1_Blueprint_Level1_C_1
[2017.11.20-19.17.18:757][491]LogProperty: Warning: Serialized Class /Script/CoreUObject.LinkerPlaceholderExportObject for a property of BlueprintGeneratedClass /Game/BluePrint/PictureBase_1_Blueprint_Level1.PictureBase_1_Blueprint_Level1_C. Reference will be nullptred.
    Property = ObjectProperty /Game/ThirdPersonBP/Maps/Level_2.Level_2_C:PictureBase_Blueprint4_ExecuteUbergraph_Level_2_RefProperty
    Item = LinkerPlaceholderExportObject /Game/ThirdPersonBP/Maps/Level_2.PLACEHOLDER-INST_of_PictureBase_1_Blueprint_Level1_C_2
[2017.11.20-19.17.18:768][491]LogWindows: Windows GetLastError: The operation completed successfully. (0)
[2017.11.20-19.17.21:258][491]LogWindows: Error: === Critical error: ===
[2017.11.20-19.17.21:258][491]LogWindows: Error: 
[2017.11.20-19.17.21:258][491]LogWindows: Error: Assertion failed: (Index >= 0) & (Index < ArrayNum) [File:d:\build\++ue4+release-4.17+compile\sync\engine\source\runtime\core\public\Containers/Array.h] [Line: 596] 
[2017.11.20-19.17.21:258][491]LogWindows: Error: Array index out of bounds: 0 from an array of size 0
[2017.11.20-19.17.21:258][491]LogWindows: Error: 
[2017.11.20-19.17.21:258][491]LogWindows: Error: 
[2017.11.20-19.17.21:258][491]LogWindows: Error: KERNELBASE.dll!0x0000000034E49E08
[2017.11.20-19.17.21:258][491]LogWindows: Error: UE4Editor-Core.dll!FOutputDeviceWindowsError::Serialize() [d:\build\++ue4+release-4.17+compile\sync\engine\source\runtime\core\private\windows\windowsplatformoutputdevices.cpp:120]
[2017.11.20-19.17.21:258][491]LogWindows: Error: UE4Editor-Core.dll!FOutputDevice::Logf__VA() [d:\build\++ue4+release-4.17+compile\sync\engine\source\runtime\core\private\misc\outputdevice.cpp:70]
[2017.11.20-19.17.21:258][491]LogWindows: Error: UE4Editor-Core.dll!FDebug::AssertFailed() [d:\build\++ue4+release-4.17+compile\sync\engine\source\runtime\core\private\misc\assertionmacros.cpp:349]
[2017.11.20-19.17.21:258][491]LogWindows: Error: UE4Editor-CoreUObject.dll!FLinkerPlaceholderObjectImpl::FindRawPlaceholderContainer() [d:\build\++ue4+release-4.17+compile\sync\engine\source\runtime\coreuobject\private\uobject\linkerplaceholderbase.cpp:161]
[2017.11.20-19.17.21:258][491]LogWindows: Error: UE4Editor-CoreUObject.dll!FLinkerPlaceholderBase::AddReferencingPropertyValue() [d:\build\++ue4+release-4.17+compile\sync\engine\source\runtime\coreuobject\private\uobject\linkerplaceholderbase.cpp:364]
[2017.11.20-19.17.21:258][491]LogWindows: Error: UE4Editor-CoreUObject.dll!UObjectProperty::SerializeItem() [d:\build\++ue4+release-4.17+compile\sync\engine\source\runtime\coreuobject\private\uobject\propertyobject.cpp:91]
[2017.11.20-19.17.21:258][491]LogWindows: Error: UE4Editor-CoreUObject.dll!FPropertyTag::SerializeTaggedProperty() [d:\build\++ue4+release-4.17+compile\sync\engine\source\runtime\coreuobject\private\uobject\propertytag.cpp:188]
[2017.11.20-19.17.21:258][491]LogWindows: Error: UE4Editor-CoreUObject.dll!UStruct::SerializeTaggedProperties() [d:\build\++ue4+release-4.17+compile\sync\engine\source\runtime\coreuobject\private\uobject\class.cpp:1073]
[2017.11.20-19.17.21:258][491]LogWindows: Error: UE4Editor-CoreUObject.dll!UObject::SerializeScriptProperties() [d:\build\++ue4+release-4.17+compile\sync\engine\source\runtime\coreuobject\private\uobject\obj.cpp:1282]
[2017.11.20-19.17.21:258][491]LogWindows: Error: UE4Editor-CoreUObject.dll!UObject::Serialize() [d:\build\++ue4+release-4.17+compile\sync\engine\source\runtime\coreuobject\private\uobject\obj.cpp:1216]
[2017.11.20-19.17.21:258][491]LogWindows: Error: UE4Editor-Engine.dll!UEdGraphNode::Serialize() [d:\build\++ue4+release-4.17+compile\sync\engine\source\runtime\engine\private\edgraph\edgraphnode.cpp:403]
[2017.11.20-19.17.21:258][491]LogWindows: Error: UE4Editor-BlueprintGraph.dll!UK2Node::Serialize() [d:\build\++ue4+release-4.17+compile\sync\engine\source\editor\blueprintgraph\private\k2node.cpp:114]
[2017.11.20-19.17.21:258][491]LogWindows: Error: UE4Editor-CoreUObject.dll!StaticDuplicateObjectEx() [d:\build\++ue4+release-4.17+compile\sync\engine\source\runtime\coreuobject\private\uobject\uobjectglobals.cpp:2035]
[2017.11.20-19.17.21:258][491]LogWindows: Error: UE4Editor-UnrealEd.dll!FEdGraphUtilities::CloneGraph() [d:\build\++ue4+release-4.17+compile\sync\engine\source\editor\unrealed\private\edgraphutilities.cpp:224]
[2017.11.20-19.17.21:258][491]LogWindows: Error: UE4Editor-UnrealEd.dll!FEdGraphUtilities::CloneAndMergeGraphIn() [d:\build\++ue4+release-4.17+compile\sync\engine\source\editor\unrealed\private\edgraphutilities.cpp:267]
[2017.11.20-19.17.21:258][491]LogWindows: Error: UE4Editor-KismetCompiler.dll!FKismetCompilerContext::MergeUbergraphPagesIn() [d:\build\++ue4+release-4.17+compile\sync\engine\source\editor\kismetcompiler\private\kismetcompiler.cpp:2803]
[2017.11.20-19.17.21:258][491]LogWindows: Error: UE4Editor-KismetCompiler.dll!FKismetCompilerContext::CreateAndProcessUbergraph() [d:\build\++ue4+release-4.17+compile\sync\engine\source\editor\kismetcompiler\private\kismetcompiler.cpp:3060]
[2017.11.20-19.17.21:258][491]LogWindows: Error: UE4Editor-KismetCompiler.dll!FKismetCompilerContext::CreateFunctionList() [d:\build\++ue4+release-4.17+compile\sync\engine\source\editor\kismetcompiler\private\kismetcompiler.cpp:3599]
[2017.11.20-19.17.21:258][491]LogWindows: Error: UE4Editor-KismetCompiler.dll!FKismetCompilerContext::CompileClassLayout() [d:\build\++ue4+release-4.17+compile\sync\engine\source\editor\kismetcompiler\private\kismetcompiler.cpp:3858]
[2017.11.20-19.17.21:258][491]LogWindows: Error: UE4Editor-Kismet.dll!FBlueprintCompilationManagerImpl::FlushCompilationQueueImpl() [d:\build\++ue4+release-4.17+compile\sync\engine\source\editor\kismet\private\blueprintcompilationmanager.cpp:714]
[2017.11.20-19.17.21:258][491]LogWindows: Error: UE4Editor-Kismet.dll!FBlueprintCompilationManager::FlushCompilationQueue() [d:\build\++ue4+release-4.17+compile\sync\engine\source\editor\kismet\private\blueprintcompilationmanager.cpp:1969]
[2017.11.20-19.17.21:258][491]LogWindows: Error: UE4Editor-Engine.dll!UBlueprintGeneratedClass::ConditionalRecompileClass() [d:\build\++ue4+release-4.17+compile\sync\engine\source\runtime\engine\private\blueprintgeneratedclass.cpp:260]
[2017.11.20-19.17.21:258][491]LogWindows: Error: UE4Editor-CoreUObject.dll!FScopedClassDependencyGather::~FScopedClassDependencyGather() [d:\build\++ue4+release-4.17+compile\sync\engine\source\runtime\coreuobject\private\blueprint\blueprintsupport.cpp:376]
[2017.11.20-19.17.21:258][491]LogWindows: Error: UE4Editor-CoreUObject.dll!FLinkerLoad::CreateExport() [d:\build\++ue4+release-4.17+compile\sync\engine\source\runtime\coreuobject\private\uobject\linkerload.cpp:4010]
[2017.11.20-19.17.21:258][491]LogWindows: Error: UE4Editor-CoreUObject.dll!FLinkerLoad::IndexToObject() [d:\build\++ue4+release-4.17+compile\sync\engine\source\runtime\coreuobject\private\uobject\linkerload.cpp:4227]
[2017.11.20-19.17.21:258][491]LogWindows: Error: UE4Editor-CoreUObject.dll!FLinkerLoad::CreateExport() [d:\build\++ue4+release-4.17+compile\sync\engine\source\runtime\coreuobject\private\uobject\linkerload.cpp:3697]
[2017.11.20-19.17.21:258][491]LogWindows: Error: UE4Editor-CoreUObject.dll!FLinkerLoad::CreateExportAndPreload() [d:\build\++ue4+release-4.17+compile\sync\engine\source\runtime\coreuobject\private\uobject\linkerload.cpp:2743]
[2017.11.20-19.17.21:258][491]LogWindows: Error: UE4Editor-CoreUObject.dll!FLinkerLoad::LoadAllObjects() [d:\build\++ue4+release-4.17+compile\sync\engine\source\runtime\coreuobject\private\uobject\linkerload.cpp:2890]
[2017.11.20-19.17.21:258][491]LogWindows: Error: UE4Editor-CoreUObject.dll!LoadPackageInternal() [d:\build\++ue4+release-4.17+compile\sync\engine\source\runtime\coreuobject\private\uobject\uobjectglobals.cpp:1303]
[2017.11.20-19.17.21:258][491]LogWindows: Error: UE4Editor-CoreUObject.dll!LoadPackage() [d:\build\++ue4+release-4.17+compile\sync\engine\source\runtime\coreuobject\private\uobject\uobjectglobals.cpp:1409]
[2017.11.20-19.17.21:258][491]LogWindows: Error: UE4Editor-CoreUObject.dll!ResolveName() [d:\build\++ue4+release-4.17+compile\sync\engine\source\runtime\coreuobject\private\uobject\uobjectglobals.cpp:781]
[2017.11.20-19.17.21:258][491]LogWindows: Error: UE4Editor-CoreUObject.dll!StaticLoadObjectInternal() [d:\build\++ue4+release-4.17+compile\sync\engine\source\runtime\coreuobject\private\uobject\uobjectglobals.cpp:869]
[2017.11.20-19.17.21:258][491]LogWindows: Error: UE4Editor-CoreUObject.dll!StaticLoadObject() [d:\build\++ue4+release-4.17+compile\sync\engine\source\runtime\coreuobject\private\uobject\uobjectglobals.cpp:936]
[2017.11.20-19.17.21:258][491]LogWindows: Error: UE4Editor-ContentBrowser.dll!FAssetData::GetAsset() [d:\build\++ue4+release-4.17+compile\sync\engine\source\runtime\assetregistry\public\assetdata.h:276]
[2017.11.20-19.17.21:259][491]LogWindows: Error: UE4Editor-ContentBrowser.dll!SContentBrowser::OnAssetsActivated() [d:\build\++ue4+release-4.17+compile\sync\engine\source\editor\contentbrowser\private\scontentbrowser.cpp:1922]
[2017.11.20-19.17.21:259][491]LogWindows: Error: UE4Editor-ContentBrowser.dll!TBaseSPMethodDelegateInstance<0,SContentBrowser,0,TTypeWrapper<void> __cdecl(TArray<FAssetData,FDefaultAllocator> const & __ptr64,enum EAssetTypeActivationMethod::Type)>::Execute() [d:\build\++ue4+release-4.17+compile\sync\engine\source\runtime\core\public\delegates\delegateinstancesimpl.h:327]
[2017.11.20-19.17.21:259][491]LogWindows: Error: UE4Editor-ContentBrowser.dll!TBaseSPMethodDelegateInstance<0,SContentBrowser,0,void __cdecl(TArray<FAssetData,FDefaultAllocator> const & __ptr64,enum EAssetTypeActivationMethod::Type)>::ExecuteIfSafe() [d:\build\++ue4+release-4.17+compile\sync\engine\source\runtime\core\public\delegates\delegateinstancesimpl.h:434]
[2017.11.20-19.17.21:259][491]LogWindows: Error: UE4Editor-ContentBrowser.dll!SAssetView::OnListMouseButtonDoubleClick() [d:\build\++ue4+release-4.17+compile\sync\engine\source\editor\contentbrowser\private\sassetview.cpp:3864]
[2017.11.20-19.17.21:259][491]LogWindows: Error: UE4Editor-ContentBrowser.dll!TBaseSPMethodDelegateInstance<0,SAssetView,0,TTypeWrapper<void> __cdecl(TSharedPtr<FAssetViewItem,0>)>::Execute() [d:\build\++ue4+release-4.17+compile\sync\engine\source\runtime\core\public\delegates\delegateinstancesimpl.h:327]
[2017.11.20-19.17.21:259][491]LogWindows: Error: UE4Editor-ContentBrowser.dll!TBaseSPMethodDelegateInstance<0,SAssetView,0,void __cdecl(TSharedPtr<FAssetViewItem,0>)>::ExecuteIfSafe() [d:\build\++ue4+release-4.17+compile\sync\engine\source\runtime\core\public\delegates\delegateinstancesimpl.h:434]
[2017.11.20-19.17.21:259][491]LogWindows: Error: UE4Editor-ContentBrowser.dll!TBaseDelegate<void,TSharedPtr<FAssetViewItem,0> >::ExecuteIfBound() [d:\build\++ue4+release-4.17+compile\sync\engine\source\runtime\core\public\delegates\delegatesignatureimpl.inl:624]
[2017.11.20-19.17.21:259][491]LogWindows: Error: UE4Editor-ContentBrowser.dll!SListView<TSharedPtr<FAssetViewItem,0> >::Private_OnItemDoubleClicked() [d:\build\++ue4+release-4.17+compile\sync\engine\source\runtime\slate\public\widgets\views\slistview.h:805]
[2017.11.20-19.17.21:259][491]LogWindows: Error: UE4Editor-ContentBrowser.dll!STableRow<TSharedPtr<FAssetViewItem,0> >::OnMouseButtonDoubleClick() [d:\build\++ue4+release-4.17+compile\sync\engine\source\runtime\slate\public\widgets\views\stablerow.h:288]
[2017.11.20-19.17.21:259][491]LogWindows: Error: UE4Editor-Slate.dll!<lambda_eeb33fd1b480e3cad58a1531d90d2e14>::operator()() [d:\build\++ue4+release-4.17+compile\sync\engine\source\runtime\slate\private\framework\application\slateapplication.cpp:5635]
[2017.11.20-19.17.21:259][491]LogWindows: Error: UE4Editor-Slate.dll!FEventRouter::Route<FReply,FEventRouter::FBubblePolicy,FPointerEvent,<lambda_eeb33fd1b480e3cad58a1531d90d2e14> >() [d:\build\++ue4+release-4.17+compile\sync\engine\source\runtime\slate\private\framework\application\slateapplication.cpp:232]
[2017.11.20-19.17.21:259][491]LogWindows: Error: UE4Editor-Slate.dll!FSlateApplication::RoutePointerDoubleClickEvent() [d:\build\++ue4+release-4.17+compile\sync\engine\source\runtime\slate\private\framework\application\slateapplication.cpp:5633]
[2017.11.20-19.17.21:259][491]LogWindows: Error: UE4Editor-Slate.dll!FSlateApplication::ProcessMouseButtonDoubleClickEvent() [d:\build\++ue4+release-4.17+compile\sync\engine\source\runtime\slate\private\framework\application\slateapplication.cpp:5620]
[2017.11.20-19.17.21:259][491]LogWindows: Error: UE4Editor-Slate.dll!FSlateApplication::OnMouseDoubleClick() [d:\build\++ue4+release-4.17+compile\sync\engine\source\runtime\slate\private\framework\application\slateapplication.cpp:5596]
[2017.11.20-19.17.21:259][491]LogWindows: Error: UE4Editor-Core.dll!FWindowsApplication::ProcessDeferredMessage() [d:\build\++ue4+release-4.17+compile\sync\engine\source\runtime\core\private\windows\windowsapplication.cpp:1722]
[2017.11.20-19.17.21:259][491]LogWindows: Error: UE4Editor-Core.dll!FWindowsApplication::DeferMessage() [d:\build\++ue4+release-4.17+compile\sync\engine\source\runtime\core\private\windows\windowsapplication.cpp:2161]
[2017.11.20-19.17.21:259][491]LogWindows: Error: UE4Editor-Core.dll!FWindowsApplication::ProcessMessage() [d:\build\++ue4+release-4.17+compile\sync\engine\source\runtime\core\private\windows\windowsapplication.cpp:881]
[2017.11.20-19.17.21:259][491]LogWindows: Error: UE4Editor-Core.dll!FWindowsApplication::AppWndProc() [d:\build\++ue4+release-4.17+compile\sync\engine\source\runtime\core\private\windows\windowsapplication.cpp:721]
[2017.11.20-19.17.21:259][491]LogWindows: Error: USER32.dll!0x0000000035DCBC50
[2017.11.20-19.17.21:259][491]LogWindows: Error: USER32.dll!0x0000000035DCB5CF
[2017.11.20-19.17.21:259][491]LogWindows: Error: UE4Editor-Core.dll!FWindowsPlatformMisc::PumpMessages() [d:\build\++ue4+release-4.17+compile\sync\engine\source\runtime\core\private\windows\windowsplatformmisc.cpp:1009]
[2017.11.20-19.17.21:259][491]LogWindows: Error: UE4Editor.exe!FEngineLoop::Tick() [d:\build\++ue4+release-4.17+compile\sync\engine\source\runtime\launch\private\launchengineloop.cpp:3151]
[2017.11.20-19.17.21:259][491]LogWindows: Error: UE4Editor.exe!GuardedMain() [d:\build\++ue4+release-4.17+compile\sync\engine\source\runtime\launch\private\launch.cpp:166]
[2017.11.20-19.17.21:259][491]LogWindows: Error: UE4Editor.exe!GuardedMainWrapper() [d:\build\++ue4+release-4.17+compile\sync\engine\source\runtime\launch\private\windows\launchwindows.cpp:134]
[2017.11.20-19.17.21:259][491]LogWindows: Error: UE4Editor.exe!WinMain() [d:\build\++ue4+release-4.17+compile\sync\engine\source\runtime\launch\private\windows\launchwindows.cpp:210]
[2017.11.20-19.17.21:259][491]LogWindows: Error: UE4Editor.exe!__scrt_common_main_seh() [f:\dd\vctools\crt\vcstartup\src\startup\exe_common.inl:253]
[2017.11.20-19.17.21:259][491]LogWindows: Error: KERNEL32.DLL!0x0000000038092774
[2017.11.20-19.17.21:259][491]LogWindows: Error: ntdll.dll!0x00000000388D0D51
[2017.11.20-19.17.21:259][491]LogWindows: Error: ntdll.dll!0x00000000388D0D51
[2017.11.20-19.17.21:259][491]LogWindows: Error: 
[2017.11.20-19.17.21:271][491]LogExit: Executing StaticShutdownAfterError
[2017.11.20-19.17.21:274][491]LogWindows: FPlatformMisc::RequestExit(1)
[2017.11.20-19.17.21:274][491]Log file closed, 11/20/17 11:17:21
